This is pdfTeX, Version 3.14159265-2.6-1.40.17 (TeX Live 2016) (preloaded format=pdflatex 2017.4.7)  11 APR 2017 16:13
entering extended mode
 restricted \write18 enabled.
 %&-line parsing enabled.
**anexos.tex
(./anexos.tex
LaTeX2e <2016/03/31>
Babel <3.9r> and hyphenation patterns for 83 language(s) loaded.
(/usr/local/texlive/2016/texmf-dist/tex/latex/memoir/memoir.cls
Document Class: memoir 2016/05/16 v3.7f configurable book, report, article docu
ment class
\onelineskip=\skip41
\lxvchars=\skip42
\xlvchars=\skip43
\@memcnta=\count79
\c@@memmarkcntra=\count80
(/usr/local/texlive/2016/texmf-dist/tex/generic/oberdiek/ifpdf.sty
Package: ifpdf 2016/05/14 v3.1 Provides the ifpdf switch
)
(/usr/local/texlive/2016/texmf-dist/tex/latex/ifetex/ifetex.sty
Package: ifetex 2011/12/15 v1.2 ifetex

(/usr/local/texlive/2016/texmf-dist/tex/plain/ifetex/ifetex.tex))
(/usr/local/texlive/2016/texmf-dist/tex/generic/ifxetex/ifxetex.sty
Package: ifxetex 2010/09/12 v0.6 Provides ifxetex conditional
)
(/usr/local/texlive/2016/texmf-dist/tex/generic/oberdiek/ifluatex.sty
Package: ifluatex 2016/05/16 v1.4 Provides the ifluatex switch (HO)
Package ifluatex Info: LuaTeX not detected.
)
\stockheight=\skip44
\stockwidth=\skip45
\trimtop=\skip46
\trimedge=\skip47

(/usr/local/texlive/2016/texmf-dist/tex/latex/memoir/mem11.clo
File: mem11.clo 2008/01/30 v0.3 memoir class 11pt size option
)
\binding=\skip48
\spinemargin=\skip49
\foremargin=\skip50
\uppermargin=\skip51
\lowermargin=\skip52
\headdrop=\skip53
\normalrulethickness=\skip54
\mem@maxheadheight=\skip55
\mem@maxfootheight=\skip56
\headwidth=\skip57
\c@storedpagenumber=\count81
\memPD=\dimen102
\m@mabparskip=\skip58
\thanksmarkwidth=\skip59
\thanksmarksep=\skip60
\droptitle=\skip61
\c@book=\count82
\c@part=\count83
\c@chapter=\count84
\c@section=\count85
\c@subsection=\count86
\c@subsubsection=\count87
\c@paragraph=\count88
\c@subparagraph=\count89
\beforechapskip=\skip62
\midchapskip=\skip63
\afterchapskip=\skip64
\chapindent=\skip65
\bottomsectionskip=\skip66
\secindent=\skip67
\beforesecskip=\skip68
\aftersecskip=\skip69
\subsecindent=\skip70
\beforesubsecskip=\skip71
\aftersubsecskip=\skip72
\subsubsecindent=\skip73
\beforesubsubsecskip=\skip74
\aftersubsubsecskip=\skip75
\paraindent=\skip76
\beforeparaskip=\skip77
\afterparaskip=\skip78
\subparaindent=\skip79
\beforesubparaskip=\skip80
\aftersubparaskip=\skip81
\pfbreakskip=\skip82
\c@@ppsavesec=\count90
\c@@ppsaveapp=\count91
\ragrparindent=\dimen103
\everylistparindent=\dimen104
\parsepi=\skip83
\topsepi=\skip84
\itemsepi=\skip85
\parsepii=\skip86
\topsepii=\skip87
\topsepiii=\skip88
\itemsepii=\skip89
\itemsepiii=\skip90
\partopsepii=\skip91
\partopsepiii=\skip92
\m@msavetopsep=\skip93
\m@msavepartopsep=\skip94
\@enLab=\toks14
\abstitleskip=\skip95
\absleftindent=\skip96
\abs@leftindent=\dimen105
\absrightindent=\skip97
\absparindent=\skip98
\absparsep=\skip99
\c@vslineno=\count92
\c@poemline=\count93
\c@modulo@vs=\count94
\c@memfvsline=\count95
\vleftskip=\skip100
\vrightskip=\skip101
\stanzaskip=\skip102
\versewidth=\skip103
\vgap=\skip104
\vindent=\skip105
\vleftmargin=\dimen106
\c@verse=\count96
\c@chrsinstr=\count97
\beforepoemtitleskip=\skip106
\afterpoemtitleskip=\skip107
\c@poem=\count98
\beforePoemTitleskip=\skip108
\midPoemTitleskip=\skip109
\afterPoemTitleskip=\skip110
\col@sep=\dimen107
\extrarowheight=\dimen108
\NC@list=\toks15
\extratabsurround=\skip111
\backup@length=\skip112
\TX@col@width=\dimen109
\TX@old@table=\dimen110
\TX@old@col=\dimen111
\TX@target=\dimen112
\TX@delta=\dimen113
\TX@cols=\count99
\TX@ftn=\toks16
\heavyrulewidth=\dimen114
\lightrulewidth=\dimen115
\cmidrulewidth=\dimen116
\belowrulesep=\dimen117
\belowbottomsep=\dimen118
\aboverulesep=\dimen119
\abovetopsep=\dimen120
\cmidrulesep=\dimen121
\cmidrulekern=\dimen122
\defaultaddspace=\dimen123
\@cmidla=\count100
\@cmidlb=\count101
\@aboverulesep=\dimen124
\@belowrulesep=\dimen125
\@thisruleclass=\count102
\@lastruleclass=\count103
\@thisrulewidth=\dimen126
\ctableftskip=\skip113
\ctabrightskip=\skip114
\abovecolumnspenalty=\count104
\@linestogo=\count105
\@cellstogo=\count106
\@cellsincolumn=\count107
\crtok=\toks17
\@mincolumnwidth=\dimen127
\c@newflo@tctr=\count108
\mem@margin@floatbox=\box26
\@contcwidth=\skip115
\@contindw=\skip116
\abovecaptionskip=\skip117
\belowcaptionskip=\skip118
\subfloattopskip=\skip119
\subfloatcapskip=\skip120
\subfloatcaptopadj=\skip121
\subfloatbottomskip=\skip122
\subfloatlabelskip=\skip123
\subfloatcapmargin=\dimen128
\c@@contsubnum=\count109
\m@mscap@capbox=\box27
\m@mscap@fbox=\box28
\sidecapsep=\dimen129
\sidecapwidth=\dimen130
\m@m@tempdima=\dimen131
\m@mscapraise=\dimen132
\sidecapraise=\dimen133
\m@mscapmainwidth=\dimen134
\m@mscaplkern=\dimen135
\beforeepigraphskip=\skip124
\afterepigraphskip=\skip125
\epigraphwidth=\skip126
\epigraphrule=\skip127
LaTeX Info: Redefining \em on input line 7551.
LaTeX Info: Redefining \emph on input line 7559.
\tocentryskip=\skip128
\tocbaseline=\skip129
\cftparskip=\skip130
\cftbeforebookskip=\skip131
\cftbookindent=\dimen136
\cftbooknumwidth=\dimen137
\cftbeforepartskip=\skip132
\cftpartindent=\skip133
\cftpartnumwidth=\skip134
\cftbeforechapterskip=\skip135
\cftchapterindent=\skip136
\cftchapternumwidth=\skip137
\cftbeforesectionskip=\skip138
\cftsectionindent=\skip139
\cftsectionnumwidth=\skip140
\cftbeforesubsectionskip=\skip141
\cftsubsectionindent=\skip142
\cftsubsectionnumwidth=\skip143
\cftbeforesubsubsectionskip=\skip144
\cftsubsubsectionindent=\skip145
\cftsubsubsectionnumwidth=\skip146
\cftbeforeparagraphskip=\skip147
\cftparagraphindent=\skip148
\cftparagraphnumwidth=\skip149
\cftbeforesubparagraphskip=\skip150
\cftsubparagraphindent=\skip151
\cftsubparagraphnumwidth=\skip152
\prechapterprecisshift=\dimen138
\c@maxsecnumdepth=\count110
\bibindent=\dimen139
\bibitemsep=\skip153
\indexcolsep=\skip154
\indexrule=\skip155
\indexmarkstyle=\toks18
\@indexbox=\insert199
\glossarycolsep=\dimen140
\glossaryrule=\dimen141
\sideparvshift=\skip156
\sideins=\insert198
\sidebartopsep=\skip157
\sidebarhsep=\skip158
\sidebarvsep=\skip159
\sidebarwidth=\skip160
\footmarkwidth=\skip161
\footmarksep=\skip162
\footparindent=\skip163
\footinsdim=\skip164
\footinsv@r=\insert197
\@mpfootinsv@r=\insert196
\m@m@k=\count111
\m@m@h=\dimen142
\m@mipn@skip=\skip165
\sidefootins=\insert195
\sidefootadjust=\skip166
\sidefootheight=\skip167
\sidefoothsep=\skip168
\sidefootvsep=\skip169
\sidefootwidth=\skip170
\m@mdownsf=\skip171
\c@sidefootnote=\count112
\sidefootmarkwidth=\skip172
\sidefootmarksep=\skip173
\sidefootparindent=\skip174
\c@pagenote=\count113
\c@pagenoteshadow=\count114
\mem@pn@lastkern=\skip175
\every@verbatim=\toks19
\afterevery@verbatim=\toks20
\verbatim@line=\toks21
\tab@position=\count115
\verbatim@in@stream=\read1
\verbatimindent=\skip176
\verbatim@out=\write3
\bvboxsep=\skip177
\c@memfbvline=\count116
\c@bvlinectr=\count117
\bvnumlength=\skip178
\fb@frw=\dimen143
\fb@frh=\dimen144
\FrameRule=\dimen145
\FrameSep=\dimen146
\c@cp@cntr=\count118
LaTeX Info: Redefining \: on input line 12068.
LaTeX Info: Redefining \! on input line 12070.
\c@ism@mctr=\count119
\c@xsm@mctr=\count120
\c@csm@mctr=\count121
\c@ksm@mctr=\count122
\c@xksm@mctr=\count123
\c@cksm@mctr=\count124
\c@msm@mctr=\count125
\c@xmsm@mctr=\count126
\c@cmsm@mctr=\count127
\c@bsm@mctr=\count128
\c@workm@mctr=\count129
\c@sheetsequence=\count130
\c@lastsheet=\count131
\c@lastpage=\count132
\c@figure=\count133
\c@lofdepth=\count134
\cftbeforefigureskip=\skip179
\cftfigureindent=\skip180
\cftfigurenumwidth=\skip181
\c@table=\count135
\c@lotdepth=\count136
\cftbeforetableskip=\skip182
\cfttableindent=\skip183
\cfttablenumwidth=\skip184
Package abstract [2008/07/23] emulated by memoir.
Package appendix [2008/07/23] emulated by memoir.
Package array [2008/09/09] emulated by memoir.
Package booktabs [2016/05/16] emulated by memoir.
Package ccaption [2008/07/23] emulated by memoir.
Package changepage [2008/07/23] emulated by memoir.
Package chngcntr [2008/07/23] emulated by memoir.
Package chngpage [2008/07/23] emulated by memoir.
Package crop emulated by memoir.
Package dcolumn [2008/07/23] emulated by memoir.
Package delarray [2008/07/23] emulated by memoir.
Package enumerate [2008/07/23] emulated by memoir.
Package epigraph [2008/07/23] emulated by memoir.
Package ifmtarg [2008/07/23] emulated by memoir.
Package index [2008/07/23] emulated by memoir.
Package makeidx [2008/07/23] emulated by memoir.
Package moreverb [2008/07/23] emulated by memoir.
Package mparhack [2008/07/23] emulated by memoir.
Package needspace [2008/07/23] emulated by memoir.
Package newfile [2008/07/23] emulated by memoir.
Package nextpage [2008/07/23] emulated by memoir.
Package pagenote [2008/07/23] emulated by memoir.
Package parskip [2008/07/23] emulated by memoir.
Package patchcmd [2008/07/23] emulated by memoir.
Package setspace [2008/07/23] emulated by memoir.
Package shortvrb [2008/07/23] emulated by memoir.
Package showidx [2008/07/23] emulated by memoir.
Package tabularx [2008/07/23] emulated by memoir.
Package titleref [2008/07/23] emulated by memoir.
Package titling [2008/07/23] emulated by memoir.
Package tocbibind [2008/07/23] emulated by memoir.
Package tocloft [2008/07/23] emulated by memoir.
Package tocvsec2 [2008/07/23] emulated by memoir.
Package verbatim [2008/07/23] emulated by memoir.
Package verse [2008/07/23] emulated by memoir.

(/usr/local/texlive/2016/texmf-dist/tex/latex/memoir/mempatch.sty
Package: mempatch 2009/07/24 v6.0f Patches for memoir class v1.6180339
))
(/usr/local/texlive/2016/texmf-dist/tex/generic/babel/babel.sty
Package: babel 2016/04/23 3.9r The Babel package

(/usr/local/texlive/2016/texmf-dist/tex/generic/babel-spanish/spanish.ldf
Language: spanish.ldf 2016/03/03 v5.0p Spanish support from the babel system

(/usr/local/texlive/2016/texmf-dist/tex/generic/babel/babel.def
File: babel.def 2016/04/23 3.9r Babel common definitions
\babel@savecnt=\count137
\U@D=\dimen147
)
\es@quottoks=\toks22
\es@quotdepth=\count138
Package babel Info: Making " an active character on input line 561.
Package babel Info: Making . an active character on input line 662.
Package babel Info: Making < an active character on input line 707.
Package babel Info: Making > an active character on input line 707.
))
LaTeX Info: Redefining \. on input line 5.
LaTeX Info: Redefining \% on input line 5.

(/usr/local/texlive/2016/texmf-dist/tex/latex/base/inputenc.sty
Package: inputenc 2015/03/17 v1.2c Input encoding file
\inpenc@prehook=\toks23
\inpenc@posthook=\toks24

(/usr/local/texlive/2016/texmf-dist/tex/latex/base/utf8.def
File: utf8.def 2016/02/28 v1.1s UTF-8 support for inputenc
Now handling font encoding OML ...
... no UTF-8 mapping file for font encoding OML
Now handling font encoding T1 ...
... processing UTF-8 mapping file for font encoding T1

(/usr/local/texlive/2016/texmf-dist/tex/latex/base/t1enc.dfu
File: t1enc.dfu 2016/02/28 v1.1s UTF-8 support for inputenc
   defining Unicode char U+00A0 (decimal 160)
   defining Unicode char U+00A1 (decimal 161)
   defining Unicode char U+00A3 (decimal 163)
   defining Unicode char U+00AB (decimal 171)
   defining Unicode char U+00AD (decimal 173)
   defining Unicode char U+00BB (decimal 187)
   defining Unicode char U+00BF (decimal 191)
   defining Unicode char U+00C0 (decimal 192)
   defining Unicode char U+00C1 (decimal 193)
   defining Unicode char U+00C2 (decimal 194)
   defining Unicode char U+00C3 (decimal 195)
   defining Unicode char U+00C4 (decimal 196)
   defining Unicode char U+00C5 (decimal 197)
   defining Unicode char U+00C6 (decimal 198)
   defining Unicode char U+00C7 (decimal 199)
   defining Unicode char U+00C8 (decimal 200)
   defining Unicode char U+00C9 (decimal 201)
   defining Unicode char U+00CA (decimal 202)
   defining Unicode char U+00CB (decimal 203)
   defining Unicode char U+00CC (decimal 204)
   defining Unicode char U+00CD (decimal 205)
   defining Unicode char U+00CE (decimal 206)
   defining Unicode char U+00CF (decimal 207)
   defining Unicode char U+00D0 (decimal 208)
   defining Unicode char U+00D1 (decimal 209)
   defining Unicode char U+00D2 (decimal 210)
   defining Unicode char U+00D3 (decimal 211)
   defining Unicode char U+00D4 (decimal 212)
   defining Unicode char U+00D5 (decimal 213)
   defining Unicode char U+00D6 (decimal 214)
   defining Unicode char U+00D8 (decimal 216)
   defining Unicode char U+00D9 (decimal 217)
   defining Unicode char U+00DA (decimal 218)
   defining Unicode char U+00DB (decimal 219)
   defining Unicode char U+00DC (decimal 220)
   defining Unicode char U+00DD (decimal 221)
   defining Unicode char U+00DE (decimal 222)
   defining Unicode char U+00DF (decimal 223)
   defining Unicode char U+00E0 (decimal 224)
   defining Unicode char U+00E1 (decimal 225)
   defining Unicode char U+00E2 (decimal 226)
   defining Unicode char U+00E3 (decimal 227)
   defining Unicode char U+00E4 (decimal 228)
   defining Unicode char U+00E5 (decimal 229)
   defining Unicode char U+00E6 (decimal 230)
   defining Unicode char U+00E7 (decimal 231)
   defining Unicode char U+00E8 (decimal 232)
   defining Unicode char U+00E9 (decimal 233)
   defining Unicode char U+00EA (decimal 234)
   defining Unicode char U+00EB (decimal 235)
   defining Unicode char U+00EC (decimal 236)
   defining Unicode char U+00ED (decimal 237)
   defining Unicode char U+00EE (decimal 238)
   defining Unicode char U+00EF (decimal 239)
   defining Unicode char U+00F0 (decimal 240)
   defining Unicode char U+00F1 (decimal 241)
   defining Unicode char U+00F2 (decimal 242)
   defining Unicode char U+00F3 (decimal 243)
   defining Unicode char U+00F4 (decimal 244)
   defining Unicode char U+00F5 (decimal 245)
   defining Unicode char U+00F6 (decimal 246)
   defining Unicode char U+00F8 (decimal 248)
   defining Unicode char U+00F9 (decimal 249)
   defining Unicode char U+00FA (decimal 250)
   defining Unicode char U+00FB (decimal 251)
   defining Unicode char U+00FC (decimal 252)
   defining Unicode char U+00FD (decimal 253)
   defining Unicode char U+00FE (decimal 254)
   defining Unicode char U+00FF (decimal 255)
   defining Unicode char U+0100 (decimal 256)
   defining Unicode char U+0101 (decimal 257)
   defining Unicode char U+0102 (decimal 258)
   defining Unicode char U+0103 (decimal 259)
   defining Unicode char U+0104 (decimal 260)
   defining Unicode char U+0105 (decimal 261)
   defining Unicode char U+0106 (decimal 262)
   defining Unicode char U+0107 (decimal 263)
   defining Unicode char U+0108 (decimal 264)
   defining Unicode char U+0109 (decimal 265)
   defining Unicode char U+010A (decimal 266)
   defining Unicode char U+010B (decimal 267)
   defining Unicode char U+010C (decimal 268)
   defining Unicode char U+010D (decimal 269)
   defining Unicode char U+010E (decimal 270)
   defining Unicode char U+010F (decimal 271)
   defining Unicode char U+0110 (decimal 272)
   defining Unicode char U+0111 (decimal 273)
   defining Unicode char U+0112 (decimal 274)
   defining Unicode char U+0113 (decimal 275)
   defining Unicode char U+0114 (decimal 276)
   defining Unicode char U+0115 (decimal 277)
   defining Unicode char U+0116 (decimal 278)
   defining Unicode char U+0117 (decimal 279)
   defining Unicode char U+0118 (decimal 280)
   defining Unicode char U+0119 (decimal 281)
   defining Unicode char U+011A (decimal 282)
   defining Unicode char U+011B (decimal 283)
   defining Unicode char U+011C (decimal 284)
   defining Unicode char U+011D (decimal 285)
   defining Unicode char U+011E (decimal 286)
   defining Unicode char U+011F (decimal 287)
   defining Unicode char U+0120 (decimal 288)
   defining Unicode char U+0121 (decimal 289)
   defining Unicode char U+0122 (decimal 290)
   defining Unicode char U+0123 (decimal 291)
   defining Unicode char U+0124 (decimal 292)
   defining Unicode char U+0125 (decimal 293)
   defining Unicode char U+0128 (decimal 296)
   defining Unicode char U+0129 (decimal 297)
   defining Unicode char U+012A (decimal 298)
   defining Unicode char U+012B (decimal 299)
   defining Unicode char U+012C (decimal 300)
   defining Unicode char U+012D (decimal 301)
   defining Unicode char U+012E (decimal 302)
   defining Unicode char U+012F (decimal 303)
   defining Unicode char U+0130 (decimal 304)
   defining Unicode char U+0131 (decimal 305)
   defining Unicode char U+0132 (decimal 306)
   defining Unicode char U+0133 (decimal 307)
   defining Unicode char U+0134 (decimal 308)
   defining Unicode char U+0135 (decimal 309)
   defining Unicode char U+0136 (decimal 310)
   defining Unicode char U+0137 (decimal 311)
   defining Unicode char U+0139 (decimal 313)
   defining Unicode char U+013A (decimal 314)
   defining Unicode char U+013B (decimal 315)
   defining Unicode char U+013C (decimal 316)
   defining Unicode char U+013D (decimal 317)
   defining Unicode char U+013E (decimal 318)
   defining Unicode char U+0141 (decimal 321)
   defining Unicode char U+0142 (decimal 322)
   defining Unicode char U+0143 (decimal 323)
   defining Unicode char U+0144 (decimal 324)
   defining Unicode char U+0145 (decimal 325)
   defining Unicode char U+0146 (decimal 326)
   defining Unicode char U+0147 (decimal 327)
   defining Unicode char U+0148 (decimal 328)
   defining Unicode char U+014A (decimal 330)
   defining Unicode char U+014B (decimal 331)
   defining Unicode char U+014C (decimal 332)
   defining Unicode char U+014D (decimal 333)
   defining Unicode char U+014E (decimal 334)
   defining Unicode char U+014F (decimal 335)
   defining Unicode char U+0150 (decimal 336)
   defining Unicode char U+0151 (decimal 337)
   defining Unicode char U+0152 (decimal 338)
   defining Unicode char U+0153 (decimal 339)
   defining Unicode char U+0154 (decimal 340)
   defining Unicode char U+0155 (decimal 341)
   defining Unicode char U+0156 (decimal 342)
   defining Unicode char U+0157 (decimal 343)
   defining Unicode char U+0158 (decimal 344)
   defining Unicode char U+0159 (decimal 345)
   defining Unicode char U+015A (decimal 346)
   defining Unicode char U+015B (decimal 347)
   defining Unicode char U+015C (decimal 348)
   defining Unicode char U+015D (decimal 349)
   defining Unicode char U+015E (decimal 350)
   defining Unicode char U+015F (decimal 351)
   defining Unicode char U+0160 (decimal 352)
   defining Unicode char U+0161 (decimal 353)
   defining Unicode char U+0162 (decimal 354)
   defining Unicode char U+0163 (decimal 355)
   defining Unicode char U+0164 (decimal 356)
   defining Unicode char U+0165 (decimal 357)
   defining Unicode char U+0168 (decimal 360)
   defining Unicode char U+0169 (decimal 361)
   defining Unicode char U+016A (decimal 362)
   defining Unicode char U+016B (decimal 363)
   defining Unicode char U+016C (decimal 364)
   defining Unicode char U+016D (decimal 365)
   defining Unicode char U+016E (decimal 366)
   defining Unicode char U+016F (decimal 367)
   defining Unicode char U+0170 (decimal 368)
   defining Unicode char U+0171 (decimal 369)
   defining Unicode char U+0172 (decimal 370)
   defining Unicode char U+0173 (decimal 371)
   defining Unicode char U+0174 (decimal 372)
   defining Unicode char U+0175 (decimal 373)
   defining Unicode char U+0176 (decimal 374)
   defining Unicode char U+0177 (decimal 375)
   defining Unicode char U+0178 (decimal 376)
   defining Unicode char U+0179 (decimal 377)
   defining Unicode char U+017A (decimal 378)
   defining Unicode char U+017B (decimal 379)
   defining Unicode char U+017C (decimal 380)
   defining Unicode char U+017D (decimal 381)
   defining Unicode char U+017E (decimal 382)
   defining Unicode char U+01CD (decimal 461)
   defining Unicode char U+01CE (decimal 462)
   defining Unicode char U+01CF (decimal 463)
   defining Unicode char U+01D0 (decimal 464)
   defining Unicode char U+01D1 (decimal 465)
   defining Unicode char U+01D2 (decimal 466)
   defining Unicode char U+01D3 (decimal 467)
   defining Unicode char U+01D4 (decimal 468)
   defining Unicode char U+01E2 (decimal 482)
   defining Unicode char U+01E3 (decimal 483)
   defining Unicode char U+01E6 (decimal 486)
   defining Unicode char U+01E7 (decimal 487)
   defining Unicode char U+01E8 (decimal 488)
   defining Unicode char U+01E9 (decimal 489)
   defining Unicode char U+01EA (decimal 490)
   defining Unicode char U+01EB (decimal 491)
   defining Unicode char U+01F0 (decimal 496)
   defining Unicode char U+01F4 (decimal 500)
   defining Unicode char U+01F5 (decimal 501)
   defining Unicode char U+0218 (decimal 536)
   defining Unicode char U+0219 (decimal 537)
   defining Unicode char U+021A (decimal 538)
   defining Unicode char U+021B (decimal 539)
   defining Unicode char U+1E02 (decimal 7682)
   defining Unicode char U+1E03 (decimal 7683)
   defining Unicode char U+200C (decimal 8204)
   defining Unicode char U+2010 (decimal 8208)
   defining Unicode char U+2011 (decimal 8209)
   defining Unicode char U+2012 (decimal 8210)
   defining Unicode char U+2013 (decimal 8211)
   defining Unicode char U+2014 (decimal 8212)
   defining Unicode char U+2015 (decimal 8213)
   defining Unicode char U+2018 (decimal 8216)
   defining Unicode char U+2019 (decimal 8217)
   defining Unicode char U+201A (decimal 8218)
   defining Unicode char U+201C (decimal 8220)
   defining Unicode char U+201D (decimal 8221)
   defining Unicode char U+201E (decimal 8222)
   defining Unicode char U+2030 (decimal 8240)
   defining Unicode char U+2031 (decimal 8241)
   defining Unicode char U+2039 (decimal 8249)
   defining Unicode char U+203A (decimal 8250)
   defining Unicode char U+2423 (decimal 9251)
)
Now handling font encoding OT1 ...
... processing UTF-8 mapping file for font encoding OT1

(/usr/local/texlive/2016/texmf-dist/tex/latex/base/ot1enc.dfu
File: ot1enc.dfu 2016/02/28 v1.1s UTF-8 support for inputenc
   defining Unicode char U+00A0 (decimal 160)
   defining Unicode char U+00A1 (decimal 161)
   defining Unicode char U+00A3 (decimal 163)
   defining Unicode char U+00AD (decimal 173)
   defining Unicode char U+00B8 (decimal 184)
   defining Unicode char U+00BF (decimal 191)
   defining Unicode char U+00C5 (decimal 197)
   defining Unicode char U+00C6 (decimal 198)
   defining Unicode char U+00D8 (decimal 216)
   defining Unicode char U+00DF (decimal 223)
   defining Unicode char U+00E6 (decimal 230)
   defining Unicode char U+00EC (decimal 236)
   defining Unicode char U+00ED (decimal 237)
   defining Unicode char U+00EE (decimal 238)
   defining Unicode char U+00EF (decimal 239)
   defining Unicode char U+00F8 (decimal 248)
   defining Unicode char U+0131 (decimal 305)
   defining Unicode char U+0141 (decimal 321)
   defining Unicode char U+0142 (decimal 322)
   defining Unicode char U+0152 (decimal 338)
   defining Unicode char U+0153 (decimal 339)
   defining Unicode char U+0174 (decimal 372)
   defining Unicode char U+0175 (decimal 373)
   defining Unicode char U+0176 (decimal 374)
   defining Unicode char U+0177 (decimal 375)
   defining Unicode char U+0218 (decimal 536)
   defining Unicode char U+0219 (decimal 537)
   defining Unicode char U+021A (decimal 538)
   defining Unicode char U+021B (decimal 539)
   defining Unicode char U+2013 (decimal 8211)
   defining Unicode char U+2014 (decimal 8212)
   defining Unicode char U+2018 (decimal 8216)
   defining Unicode char U+2019 (decimal 8217)
   defining Unicode char U+201C (decimal 8220)
   defining Unicode char U+201D (decimal 8221)
)
Now handling font encoding OMS ...
... processing UTF-8 mapping file for font encoding OMS

(/usr/local/texlive/2016/texmf-dist/tex/latex/base/omsenc.dfu
File: omsenc.dfu 2016/02/28 v1.1s UTF-8 support for inputenc
   defining Unicode char U+00A7 (decimal 167)
   defining Unicode char U+00B6 (decimal 182)
   defining Unicode char U+00B7 (decimal 183)
   defining Unicode char U+2020 (decimal 8224)
   defining Unicode char U+2021 (decimal 8225)
   defining Unicode char U+2022 (decimal 8226)
)
Now handling font encoding OMX ...
... no UTF-8 mapping file for font encoding OMX
Now handling font encoding U ...
... no UTF-8 mapping file for font encoding U
   defining Unicode char U+00A9 (decimal 169)
   defining Unicode char U+00AA (decimal 170)
   defining Unicode char U+00AE (decimal 174)
   defining Unicode char U+00BA (decimal 186)
   defining Unicode char U+02C6 (decimal 710)
   defining Unicode char U+02DC (decimal 732)
   defining Unicode char U+200C (decimal 8204)
   defining Unicode char U+2026 (decimal 8230)
   defining Unicode char U+2122 (decimal 8482)
   defining Unicode char U+2423 (decimal 9251)
))
(/usr/local/texlive/2016/texmf-dist/tex/latex/placeins/placeins.sty
Package: placeins 2005/04/18  v 2.2
)
(/usr/local/texlive/2016/texmf-dist/tex/latex/xcolor/xcolor.sty
Package: xcolor 2016/05/11 v2.12 LaTeX color extensions (UK)

(/usr/local/texlive/2016/texmf-dist/tex/latex/graphics-cfg/color.cfg
File: color.cfg 2016/01/02 v1.6 sample color configuration
)
Package xcolor Info: Driver file: pdftex.def on input line 225.

(/usr/local/texlive/2016/texmf-dist/tex/latex/pdftex-def/pdftex.def
File: pdftex.def 2011/05/27 v0.06d Graphics/color for pdfTeX

(/usr/local/texlive/2016/texmf-dist/tex/generic/oberdiek/infwarerr.sty
Package: infwarerr 2016/05/16 v1.4 Providing info/warning/error messages (HO)
)
(/usr/local/texlive/2016/texmf-dist/tex/generic/oberdiek/ltxcmds.sty
Package: ltxcmds 2016/05/16 v1.23 LaTeX kernel commands for general use (HO)
)
\Gread@gobject=\count139
)
(/usr/local/texlive/2016/texmf-dist/tex/latex/colortbl/colortbl.sty
Package: colortbl 2012/02/13 v1.0a Color table columns (DPC)
\everycr=\toks25
\minrowclearance=\skip185
)
\rownum=\count140
Package xcolor Info: Model `cmy' substituted by `cmy0' on input line 1348.
Package xcolor Info: Model `hsb' substituted by `rgb' on input line 1352.
Package xcolor Info: Model `RGB' extended on input line 1364.
Package xcolor Info: Model `HTML' substituted by `rgb' on input line 1366.
Package xcolor Info: Model `Hsb' substituted by `hsb' on input line 1367.
Package xcolor Info: Model `tHsb' substituted by `hsb' on input line 1368.
Package xcolor Info: Model `HSB' substituted by `hsb' on input line 1369.
Package xcolor Info: Model `Gray' substituted by `gray' on input line 1370.
Package xcolor Info: Model `wave' substituted by `hsb' on input line 1371.
)
(/usr/local/texlive/2016/texmf-dist/tex/latex/xtab/xtab.sty
Package: xtab 2011/07/31 v2.3f Extended supertabular package
\c@tracingst=\count141
\PWSTcapht=\dimen148
\ST@wd=\dimen149
\ST@rightskip=\skip186
\ST@leftskip=\skip187
\ST@parfillskip=\skip188
\c@PWSTtable=\count142
\PWSTlastpage=\count143
\PWSTpenultimate=\count144
\PWSTcurpage=\count145
\PWSTtempc=\count146
\PWSTlines=\count147
\PWST@lastht=\dimen150
\PWST@generalht=\dimen151
\PWST@ht=\dimen152
\ST@pageleft=\dimen153
\ST@headht=\dimen154
\ST@tailht=\dimen155
\ST@pagesofar=\dimen156
\ST@pboxht=\dimen157
\ST@lineht=\dimen158
\ST@stretchht=\dimen159
\ST@prevht=\dimen160
\ST@toadd=\dimen161
\ST@dimen=\dimen162
\ST@pbox=\box29
)
(/usr/local/texlive/2016/texmf-dist/tex/latex/multirow/multirow.sty
\bigstrutjot=\dimen163
)
(/usr/local/texlive/2016/texmf-dist/tex/latex/hyperref/hyperref.sty
Package: hyperref 2016/05/05 v6.83n Hypertext links for LaTeX

(/usr/local/texlive/2016/texmf-dist/tex/generic/oberdiek/hobsub-hyperref.sty
Package: hobsub-hyperref 2016/05/16 v1.14 Bundle oberdiek, subset hyperref (HO)


(/usr/local/texlive/2016/texmf-dist/tex/generic/oberdiek/hobsub-generic.sty
Package: hobsub-generic 2016/05/16 v1.14 Bundle oberdiek, subset generic (HO)
Package: hobsub 2016/05/16 v1.14 Construct package bundles (HO)
Package hobsub Info: Skipping package `infwarerr' (already loaded).
Package hobsub Info: Skipping package `ltxcmds' (already loaded).
Package hobsub Info: Skipping package `ifluatex' (already loaded).
Package: ifvtex 2016/05/16 v1.6 Detect VTeX and its facilities (HO)
Package ifvtex Info: VTeX not detected.
Package: intcalc 2016/05/16 v1.2 Expandable calculations with integers (HO)
Package hobsub Info: Skipping package `ifpdf' (already loaded).
Package: etexcmds 2016/05/16 v1.6 Avoid name clashes with e-TeX commands (HO)
Package etexcmds Info: Could not find \expanded.
(etexcmds)             That can mean that you are not using pdfTeX 1.50 or
(etexcmds)             that some package has redefined \expanded.
(etexcmds)             In the latter case, load this package earlier.
Package: kvsetkeys 2016/05/16 v1.17 Key value parser (HO)
Package: kvdefinekeys 2016/05/16 v1.4 Define keys (HO)
Package: pdftexcmds 2016/05/10 v0.21 Utility functions of pdfTeX for LuaTeX (HO
)
Package pdftexcmds Info: LuaTeX not detected.
Package pdftexcmds Info: \pdf@primitive is available.
Package pdftexcmds Info: \pdf@ifprimitive is available.
Package pdftexcmds Info: \pdfdraftmode found.
Package: pdfescape 2016/05/16 v1.14 Implements pdfTeX's escape features (HO)
Package: bigintcalc 2016/05/16 v1.4 Expandable calculations on big integers (HO
)
Package: bitset 2016/05/16 v1.2 Handle bit-vector datatype (HO)
Package: uniquecounter 2016/05/16 v1.3 Provide unlimited unique counter (HO)
)
Package hobsub Info: Skipping package `hobsub' (already loaded).
Package: letltxmacro 2016/05/16 v1.5 Let assignment for LaTeX macros (HO)
Package: hopatch 2016/05/16 v1.3 Wrapper for package hooks (HO)
Package: xcolor-patch 2016/05/16 xcolor patch
Package: atveryend 2016/05/16 v1.9 Hooks at the very end of document (HO)
Package atveryend Info: \enddocument detected (standard20110627).
Package: atbegshi 2016/05/16 v1.17 At begin shipout hook (HO)
Package: refcount 2016/05/16 v3.5 Data extraction from label references (HO)
Package: hycolor 2016/05/16 v1.8 Color options for hyperref/bookmark (HO)
)
(/usr/local/texlive/2016/texmf-dist/tex/latex/graphics/keyval.sty
Package: keyval 2014/10/28 v1.15 key=value parser (DPC)
\KV@toks@=\toks26
)
(/usr/local/texlive/2016/texmf-dist/tex/latex/oberdiek/auxhook.sty
Package: auxhook 2016/05/16 v1.4 Hooks for auxiliary files (HO)
)
(/usr/local/texlive/2016/texmf-dist/tex/latex/oberdiek/kvoptions.sty
Package: kvoptions 2016/05/16 v3.12 Key value format for package options (HO)
)
\@linkdim=\dimen164
\Hy@linkcounter=\count148
\Hy@pagecounter=\count149

(/usr/local/texlive/2016/texmf-dist/tex/latex/hyperref/pd1enc.def
File: pd1enc.def 2016/05/05 v6.83n Hyperref: PDFDocEncoding definition (HO)
Now handling font encoding PD1 ...
... no UTF-8 mapping file for font encoding PD1
)
\Hy@SavedSpaceFactor=\count150

(/usr/local/texlive/2016/texmf-dist/tex/latex/latexconfig/hyperref.cfg
File: hyperref.cfg 2002/06/06 v1.2 hyperref configuration of TeXLive
)
Package hyperref Info: Option `colorlinks' set `true' on input line 4322.
Package hyperref Info: Hyper figures OFF on input line 4446.
Package hyperref Info: Link nesting OFF on input line 4451.
Package hyperref Info: Hyper index ON on input line 4454.
Package hyperref Info: Plain pages OFF on input line 4461.
Package hyperref Info: Backreferencing OFF on input line 4466.
Package hyperref Info: Implicit mode ON; LaTeX internals redefined.
Package hyperref Info: Bookmarks ON on input line 4691.
\c@Hy@tempcnt=\count151

(/usr/local/texlive/2016/texmf-dist/tex/latex/url/url.sty
\Urlmuskip=\muskip10
Package: url 2013/09/16  ver 3.4  Verb mode for urls, etc.
)
LaTeX Info: Redefining \url on input line 5044.
\XeTeXLinkMargin=\dimen165
\Fld@menulength=\count152
\Field@Width=\dimen166
\Fld@charsize=\dimen167
Package hyperref Info: Hyper figures OFF on input line 6298.
Package hyperref Info: Link nesting OFF on input line 6303.
Package hyperref Info: Hyper index ON on input line 6306.
Package hyperref Info: backreferencing OFF on input line 6313.
Package hyperref Info: Link coloring ON on input line 6316.
Package hyperref Info: Link coloring with OCG OFF on input line 6323.
Package hyperref Info: PDF/A mode OFF on input line 6328.
LaTeX Info: Redefining \ref on input line 6368.
LaTeX Info: Redefining \pageref on input line 6372.
\Hy@abspage=\count153
\c@Item=\count154
\c@Hfootnote=\count155
)
(/usr/local/texlive/2016/texmf-dist/tex/latex/memoir/memhfixc.sty
Package: memhfixc 2013/05/30 v1.17 nameref/hyperref package fixes for memoir cl
ass
\c@memhycontfloat=\count156
\c@Hpagenote=\count157
)

Package hyperref Message: Driver (autodetected): hpdftex.

(/usr/local/texlive/2016/texmf-dist/tex/latex/hyperref/hpdftex.def
File: hpdftex.def 2016/05/05 v6.83n Hyperref driver for pdfTeX
\Fld@listcount=\count158
\c@bookmark@seq@number=\count159

(/usr/local/texlive/2016/texmf-dist/tex/latex/oberdiek/rerunfilecheck.sty
Package: rerunfilecheck 2016/05/16 v1.8 Rerun checks for auxiliary files (HO)
Package uniquecounter Info: New unique counter `rerunfilecheck' on input line 2
82.
)
\Hy@SectionHShift=\skip189
)
(/usr/local/texlive/2016/texmf-dist/tex/latex/amsmath/amsmath.sty
Package: amsmath 2016/03/10 v2.15b AMS math features
\@mathmargin=\skip190

For additional information on amsmath, use the `?' option.
(/usr/local/texlive/2016/texmf-dist/tex/latex/amsmath/amstext.sty
Package: amstext 2000/06/29 v2.01 AMS text

(/usr/local/texlive/2016/texmf-dist/tex/latex/amsmath/amsgen.sty
File: amsgen.sty 1999/11/30 v2.0 generic functions
\@emptytoks=\toks27
\ex@=\dimen168
))
(/usr/local/texlive/2016/texmf-dist/tex/latex/amsmath/amsbsy.sty
Package: amsbsy 1999/11/29 v1.2d Bold Symbols
\pmbraise@=\dimen169
)
(/usr/local/texlive/2016/texmf-dist/tex/latex/amsmath/amsopn.sty
Package: amsopn 2016/03/08 v2.02 operator names
)
\inf@bad=\count160
LaTeX Info: Redefining \frac on input line 199.
\uproot@=\count161
\leftroot@=\count162
LaTeX Info: Redefining \overline on input line 297.
\classnum@=\count163
\DOTSCASE@=\count164
LaTeX Info: Redefining \ldots on input line 394.
LaTeX Info: Redefining \dots on input line 397.
LaTeX Info: Redefining \cdots on input line 518.
\Mathstrutbox@=\box30
\strutbox@=\box31
\big@size=\dimen170
LaTeX Font Info:    Redeclaring font encoding OML on input line 634.
LaTeX Font Info:    Redeclaring font encoding OMS on input line 635.
\macc@depth=\count165
\c@MaxMatrixCols=\count166
\dotsspace@=\muskip11
\c@parentequation=\count167
\dspbrk@lvl=\count168
\tag@help=\toks28
\row@=\count169
\column@=\count170
\maxfields@=\count171
\andhelp@=\toks29
\eqnshift@=\dimen171
\alignsep@=\dimen172
\tagshift@=\dimen173
\tagwidth@=\dimen174
\totwidth@=\dimen175
\lineht@=\dimen176
\@envbody=\toks30
\multlinegap=\skip191
\multlinetaggap=\skip192
\mathdisplay@stack=\toks31
LaTeX Info: Redefining \[ on input line 2739.
LaTeX Info: Redefining \] on input line 2740.
)
(/usr/local/texlive/2016/texmf-dist/tex/latex/graphics/graphicx.sty
Package: graphicx 2014/10/28 v1.0g Enhanced LaTeX Graphics (DPC,SPQR)

(/usr/local/texlive/2016/texmf-dist/tex/latex/graphics/graphics.sty
Package: graphics 2016/05/09 v1.0r Standard LaTeX Graphics (DPC,SPQR)

(/usr/local/texlive/2016/texmf-dist/tex/latex/graphics/trig.sty
Package: trig 2016/01/03 v1.10 sin cos tan (DPC)
)
(/usr/local/texlive/2016/texmf-dist/tex/latex/graphics-cfg/graphics.cfg
File: graphics.cfg 2016/01/02 v1.10 sample graphics configuration
)
Package graphics Info: Driver file: pdftex.def on input line 96.
)
\Gin@req@height=\dimen177
\Gin@req@width=\dimen178
)
No file anexos.aux.
\openout1 = `anexos.aux'.

LaTeX Font Info:    Checking defaults for OML/cmm/m/it on input line 346.
LaTeX Font Info:    ... okay on input line 346.
LaTeX Font Info:    Checking defaults for T1/cmr/m/n on input line 346.
LaTeX Font Info:    ... okay on input line 346.
LaTeX Font Info:    Checking defaults for OT1/cmr/m/n on input line 346.
LaTeX Font Info:    ... okay on input line 346.
LaTeX Font Info:    Checking defaults for OMS/cmsy/m/n on input line 346.
LaTeX Font Info:    ... okay on input line 346.
LaTeX Font Info:    Checking defaults for OMX/cmex/m/n on input line 346.
LaTeX Font Info:    ... okay on input line 346.
LaTeX Font Info:    Checking defaults for U/cmr/m/n on input line 346.
LaTeX Font Info:    ... okay on input line 346.
LaTeX Font Info:    Checking defaults for PD1/pdf/m/n on input line 346.
LaTeX Font Info:    ... okay on input line 346.
LaTeX Info: Redefining \. on input line 346.
LaTeX Info: Redefining \% on input line 346.
(/usr/local/texlive/2016/texmf-dist/tex/context/base/mkii/supp-pdf.mkii
[Loading MPS to PDF converter (version 2006.09.02).]
\scratchcounter=\count172
\scratchdimen=\dimen179
\scratchbox=\box32
\nofMPsegments=\count173
\nofMParguments=\count174
\everyMPshowfont=\toks32
\MPscratchCnt=\count175
\MPscratchDim=\dimen180
\MPnumerator=\count176
\makeMPintoPDFobject=\count177
\everyMPtoPDFconversion=\toks33
)
\AtBeginShipoutBox=\box33
Package hyperref Info: Link coloring ON on input line 346.
 (/usr/local/texlive/2016/texmf-dist/tex/latex/hyperref/nameref.sty
Package: nameref 2012/10/27 v2.43 Cross-referencing by name of section

(/usr/local/texlive/2016/texmf-dist/tex/generic/oberdiek/gettitlestring.sty
Package: gettitlestring 2016/05/16 v1.5 Cleanup title references (HO)
)
\c@section@level=\count178
)
Redoing nameref's sectioning
Redoing nameref's label
LaTeX Info: Redefining \nameref on input line 346.
LaTeX Info: Redefining \ref on input line 346.
LaTeX Info: Redefining \pageref on input line 346.
LaTeX Info: Redefining \nameref on input line 346.
\@outlinefile=\write4
\openout4 = `anexos.out'.

(/usr/local/texlive/2016/texmf-dist/tex/latex/oberdiek/epstopdf-base.sty
Package: epstopdf-base 2016/05/15 v2.6 Base part for package epstopdf

(/usr/local/texlive/2016/texmf-dist/tex/latex/oberdiek/grfext.sty
Package: grfext 2016/05/16 v1.2 Manage graphics extensions (HO)
)
Package grfext Info: Graphics extension search list:
(grfext)             [.png,.pdf,.jpg,.mps,.jpeg,.jbig2,.jb2,.PNG,.PDF,.JPG,.JPE
G,.JBIG2,.JB2,.eps]
(grfext)             \AppendGraphicsExtensions on input line 456.

(/usr/local/texlive/2016/texmf-dist/tex/latex/latexconfig/epstopdf-sys.cfg
File: epstopdf-sys.cfg 2010/07/13 v1.3 Configuration of (r)epstopdf for TeX Liv
e
))
<./img/cabecera.pdf, id=4, 617.67549pt x 135.51413pt>
File: ./img/cabecera.pdf Graphic file (type pdf)
 <use ./img/cabecera.pdf>
Package pdftex.def Info: ./img/cabecera.pdf used on input line 348.
(pdftex.def)             Requested size: 369.0pt x 80.95758pt.

<./img/escudoInfor.pdf, id=5, 618.11432pt x 737.07487pt>
File: ./img/escudoInfor.pdf Graphic file (type pdf)

<use ./img/escudoInfor.pdf>
Package pdftex.def Info: ./img/escudoInfor.pdf used on input line 348.
(pdftex.def)             Requested size: 73.79887pt x 87.99529pt.

Overfull \hbox (26.65pt too wide) in paragraph at lines 348--348
[][][][][][][] $[]$ 
 []

Package babel Info: Redefining spanish shorthand <<
(babel)             in language append on input line 348.
Package babel Info: Redefining spanish shorthand >>
(babel)             in language append on input line 348.
Package babel Info: Redefining spanish shorthand "=
(babel)             in language append on input line 348.
Package babel Info: Redefining spanish shorthand "~
(babel)             in language append on input line 348.
Package babel Info: Redefining spanish shorthand "!
(babel)             in language append on input line 348.
Package babel Info: Redefining spanish shorthand "?
(babel)             in language append on input line 348.
Package babel Info: Redefining spanish shorthand <<
(babel)             in language append on input line 348.
Package babel Info: Redefining spanish shorthand >>
(babel)             in language append on input line 348.
Package babel Info: Redefining spanish shorthand "=
(babel)             in language append on input line 348.
Package babel Info: Redefining spanish shorthand "~
(babel)             in language append on input line 348.
Package babel Info: Redefining spanish shorthand "!
(babel)             in language append on input line 348.
Package babel Info: Redefining spanish shorthand "?
(babel)             in language append on input line 348.
[1

{/usr/local/texlive/2016/texmf-var/fonts/map/pdftex/updmap/pdftex.map} <./img/c
abecera.pdf> <./img/escudoInfor.pdf

pdfTeX warning: /Library/TeX/texbin/pdflatex (file ./img/escudoInfor.pdf): PDF 
inclusion: multiple pdfs with page group included in a single page
>]
Package babel Info: Redefining spanish shorthand <<
(babel)             in language append on input line 367.
Package babel Info: Redefining spanish shorthand >>
(babel)             in language append on input line 367.
Package babel Info: Redefining spanish shorthand "=
(babel)             in language append on input line 367.
Package babel Info: Redefining spanish shorthand "~
(babel)             in language append on input line 367.
Package babel Info: Redefining spanish shorthand "!
(babel)             in language append on input line 367.
Package babel Info: Redefining spanish shorthand "?
(babel)             in language append on input line 367.
Package babel Info: Redefining spanish shorthand <<
(babel)             in language append on input line 368.
Package babel Info: Redefining spanish shorthand >>
(babel)             in language append on input line 368.
Package babel Info: Redefining spanish shorthand "=
(babel)             in language append on input line 368.
Package babel Info: Redefining spanish shorthand "~
(babel)             in language append on input line 368.
Package babel Info: Redefining spanish shorthand "!
(babel)             in language append on input line 368.
Package babel Info: Redefining spanish shorthand "?
(babel)             in language append on input line 368.
Package babel Info: Redefining spanish shorthand <<
(babel)             in language append on input line 368.
Package babel Info: Redefining spanish shorthand >>
(babel)             in language append on input line 368.
Package babel Info: Redefining spanish shorthand "=
(babel)             in language append on input line 368.
Package babel Info: Redefining spanish shorthand "~
(babel)             in language append on input line 368.
Package babel Info: Redefining spanish shorthand "!
(babel)             in language append on input line 368.
Package babel Info: Redefining spanish shorthand "?
(babel)             in language append on input line 368.
 [1




]
Package babel Info: Redefining spanish shorthand <<
(babel)             in language append on input line 371.
Package babel Info: Redefining spanish shorthand >>
(babel)             in language append on input line 371.
Package babel Info: Redefining spanish shorthand "=
(babel)             in language append on input line 371.
Package babel Info: Redefining spanish shorthand "~
(babel)             in language append on input line 371.
Package babel Info: Redefining spanish shorthand "!
(babel)             in language append on input line 371.
Package babel Info: Redefining spanish shorthand "?
(babel)             in language append on input line 371.
Package babel Info: Redefining spanish shorthand <<
(babel)             in language append on input line 372.
Package babel Info: Redefining spanish shorthand >>
(babel)             in language append on input line 372.
Package babel Info: Redefining spanish shorthand "=
(babel)             in language append on input line 372.
Package babel Info: Redefining spanish shorthand "~
(babel)             in language append on input line 372.
Package babel Info: Redefining spanish shorthand "!
(babel)             in language append on input line 372.
Package babel Info: Redefining spanish shorthand "?
(babel)             in language append on input line 372.
Package babel Info: Redefining spanish shorthand <<
(babel)             in language append on input line 372.
Package babel Info: Redefining spanish shorthand >>
(babel)             in language append on input line 372.
Package babel Info: Redefining spanish shorthand "=
(babel)             in language append on input line 372.
Package babel Info: Redefining spanish shorthand "~
(babel)             in language append on input line 372.
Package babel Info: Redefining spanish shorthand "!
(babel)             in language append on input line 372.
Package babel Info: Redefining spanish shorthand "?
(babel)             in language append on input line 372.
 [2

]
Package babel Info: Redefining spanish shorthand <<
(babel)             in language append on input line 375.
Package babel Info: Redefining spanish shorthand >>
(babel)             in language append on input line 375.
Package babel Info: Redefining spanish shorthand "=
(babel)             in language append on input line 375.
Package babel Info: Redefining spanish shorthand "~
(babel)             in language append on input line 375.
Package babel Info: Redefining spanish shorthand "!
(babel)             in language append on input line 375.
Package babel Info: Redefining spanish shorthand "?
(babel)             in language append on input line 375.
Package babel Info: Redefining spanish shorthand <<
(babel)             in language append on input line 376.
Package babel Info: Redefining spanish shorthand >>
(babel)             in language append on input line 376.
Package babel Info: Redefining spanish shorthand "=
(babel)             in language append on input line 376.
Package babel Info: Redefining spanish shorthand "~
(babel)             in language append on input line 376.
Package babel Info: Redefining spanish shorthand "!
(babel)             in language append on input line 376.
Package babel Info: Redefining spanish shorthand "?
(babel)             in language append on input line 376.
Package babel Info: Redefining spanish shorthand <<
(babel)             in language append on input line 376.
Package babel Info: Redefining spanish shorthand >>
(babel)             in language append on input line 376.
Package babel Info: Redefining spanish shorthand "=
(babel)             in language append on input line 376.
Package babel Info: Redefining spanish shorthand "~
(babel)             in language append on input line 376.
Package babel Info: Redefining spanish shorthand "!
(babel)             in language append on input line 376.
Package babel Info: Redefining spanish shorthand "?
(babel)             in language append on input line 376.
 [3

]
\openout2 = `./tex/A_Plan_proyecto.aux'.

 (./tex/A_Plan_proyecto.tex

LaTeX Font Warning: Font shape `OT1/cmss/m/it' in size <14.4> not available
(Font)              Font shape `OT1/cmss/m/sl' tried instead on input line 1.

Package babel Info: Redefining spanish shorthand <<
(babel)             in language append on input line 1.
Package babel Info: Redefining spanish shorthand >>
(babel)             in language append on input line 1.
Package babel Info: Redefining spanish shorthand "=
(babel)             in language append on input line 1.
Package babel Info: Redefining spanish shorthand "~
(babel)             in language append on input line 1.
Package babel Info: Redefining spanish shorthand "!
(babel)             in language append on input line 1.
Package babel Info: Redefining spanish shorthand "?
(babel)             in language append on input line 1.
Package babel Info: Redefining spanish shorthand <<
(babel)             in language append on input line 3.
Package babel Info: Redefining spanish shorthand >>
(babel)             in language append on input line 3.
Package babel Info: Redefining spanish shorthand "=
(babel)             in language append on input line 3.
Package babel Info: Redefining spanish shorthand "~
(babel)             in language append on input line 3.
Package babel Info: Redefining spanish shorthand "!
(babel)             in language append on input line 3.
Package babel Info: Redefining spanish shorthand "?
(babel)             in language append on input line 3.
Package babel Info: Redefining spanish shorthand <<
(babel)             in language append on input line 5.
Package babel Info: Redefining spanish shorthand >>
(babel)             in language append on input line 5.
Package babel Info: Redefining spanish shorthand "=
(babel)             in language append on input line 5.
Package babel Info: Redefining spanish shorthand "~
(babel)             in language append on input line 5.
Package babel Info: Redefining spanish shorthand "!
(babel)             in language append on input line 5.
Package babel Info: Redefining spanish shorthand "?
(babel)             in language append on input line 5.
Package babel Info: Redefining spanish shorthand <<
(babel)             in language append on input line 7.
Package babel Info: Redefining spanish shorthand >>
(babel)             in language append on input line 7.
Package babel Info: Redefining spanish shorthand "=
(babel)             in language append on input line 7.
Package babel Info: Redefining spanish shorthand "~
(babel)             in language append on input line 7.
Package babel Info: Redefining spanish shorthand "!
(babel)             in language append on input line 7.
Package babel Info: Redefining spanish shorthand "?
(babel)             in language append on input line 7.
)
Package babel Info: Redefining spanish shorthand <<
(babel)             in language append on input line 382.
Package babel Info: Redefining spanish shorthand >>
(babel)             in language append on input line 382.
Package babel Info: Redefining spanish shorthand "=
(babel)             in language append on input line 382.
Package babel Info: Redefining spanish shorthand "~
(babel)             in language append on input line 382.
Package babel Info: Redefining spanish shorthand "!
(babel)             in language append on input line 382.
Package babel Info: Redefining spanish shorthand "?
(babel)             in language append on input line 382.
Package babel Info: Redefining spanish shorthand <<
(babel)             in language append on input line 382.
Package babel Info: Redefining spanish shorthand >>
(babel)             in language append on input line 382.
Package babel Info: Redefining spanish shorthand "=
(babel)             in language append on input line 382.
Package babel Info: Redefining spanish shorthand "~
(babel)             in language append on input line 382.
Package babel Info: Redefining spanish shorthand "!
(babel)             in language append on input line 382.
Package babel Info: Redefining spanish shorthand "?
(babel)             in language append on input line 382.
pdfTeX warning (ext4): destination with the same identifier (name{page.1}) has 
been already used, duplicate ignored
<to be read again> 
                   \relax 
l.382 \include{./tex/A_Plan_proyecto}
                                      [1




]
\openout2 = `./tex/B_Requisitos.aux'.

 (./tex/B_Requisitos.tex
Package babel Info: Redefining spanish shorthand <<
(babel)             in language append on input line 1.
Package babel Info: Redefining spanish shorthand >>
(babel)             in language append on input line 1.
Package babel Info: Redefining spanish shorthand "=
(babel)             in language append on input line 1.
Package babel Info: Redefining spanish shorthand "~
(babel)             in language append on input line 1.
Package babel Info: Redefining spanish shorthand "!
(babel)             in language append on input line 1.
Package babel Info: Redefining spanish shorthand "?
(babel)             in language append on input line 1.
Package babel Info: Redefining spanish shorthand <<
(babel)             in language append on input line 3.
Package babel Info: Redefining spanish shorthand >>
(babel)             in language append on input line 3.
Package babel Info: Redefining spanish shorthand "=
(babel)             in language append on input line 3.
Package babel Info: Redefining spanish shorthand "~
(babel)             in language append on input line 3.
Package babel Info: Redefining spanish shorthand "!
(babel)             in language append on input line 3.
Package babel Info: Redefining spanish shorthand "?
(babel)             in language append on input line 3.
Package babel Info: Redefining spanish shorthand <<
(babel)             in language append on input line 5.
Package babel Info: Redefining spanish shorthand >>
(babel)             in language append on input line 5.
Package babel Info: Redefining spanish shorthand "=
(babel)             in language append on input line 5.
Package babel Info: Redefining spanish shorthand "~
(babel)             in language append on input line 5.
Package babel Info: Redefining spanish shorthand "!
(babel)             in language append on input line 5.
Package babel Info: Redefining spanish shorthand "?
(babel)             in language append on input line 5.
Package babel Info: Redefining spanish shorthand <<
(babel)             in language append on input line 7.
Package babel Info: Redefining spanish shorthand >>
(babel)             in language append on input line 7.
Package babel Info: Redefining spanish shorthand "=
(babel)             in language append on input line 7.
Package babel Info: Redefining spanish shorthand "~
(babel)             in language append on input line 7.
Package babel Info: Redefining spanish shorthand "!
(babel)             in language append on input line 7.
Package babel Info: Redefining spanish shorthand "?
(babel)             in language append on input line 7.
Package babel Info: Redefining spanish shorthand <<
(babel)             in language append on input line 9.
Package babel Info: Redefining spanish shorthand >>
(babel)             in language append on input line 9.
Package babel Info: Redefining spanish shorthand "=
(babel)             in language append on input line 9.
Package babel Info: Redefining spanish shorthand "~
(babel)             in language append on input line 9.
Package babel Info: Redefining spanish shorthand "!
(babel)             in language append on input line 9.
Package babel Info: Redefining spanish shorthand "?
(babel)             in language append on input line 9.
)
Package babel Info: Redefining spanish shorthand <<
(babel)             in language append on input line 383.
Package babel Info: Redefining spanish shorthand >>
(babel)             in language append on input line 383.
Package babel Info: Redefining spanish shorthand "=
(babel)             in language append on input line 383.
Package babel Info: Redefining spanish shorthand "~
(babel)             in language append on input line 383.
Package babel Info: Redefining spanish shorthand "!
(babel)             in language append on input line 383.
Package babel Info: Redefining spanish shorthand "?
(babel)             in language append on input line 383.
Package babel Info: Redefining spanish shorthand <<
(babel)             in language append on input line 383.
Package babel Info: Redefining spanish shorthand >>
(babel)             in language append on input line 383.
Package babel Info: Redefining spanish shorthand "=
(babel)             in language append on input line 383.
Package babel Info: Redefining spanish shorthand "~
(babel)             in language append on input line 383.
Package babel Info: Redefining spanish shorthand "!
(babel)             in language append on input line 383.
Package babel Info: Redefining spanish shorthand "?
(babel)             in language append on input line 383.
 [2



]
\openout2 = `./tex/C_Diseno.aux'.


(./tex/C_Diseno.tex
Package babel Info: Redefining spanish shorthand <<
(babel)             in language append on input line 1.
Package babel Info: Redefining spanish shorthand >>
(babel)             in language append on input line 1.
Package babel Info: Redefining spanish shorthand "=
(babel)             in language append on input line 1.
Package babel Info: Redefining spanish shorthand "~
(babel)             in language append on input line 1.
Package babel Info: Redefining spanish shorthand "!
(babel)             in language append on input line 1.
Package babel Info: Redefining spanish shorthand "?
(babel)             in language append on input line 1.
Package babel Info: Redefining spanish shorthand <<
(babel)             in language append on input line 3.
Package babel Info: Redefining spanish shorthand >>
(babel)             in language append on input line 3.
Package babel Info: Redefining spanish shorthand "=
(babel)             in language append on input line 3.
Package babel Info: Redefining spanish shorthand "~
(babel)             in language append on input line 3.
Package babel Info: Redefining spanish shorthand "!
(babel)             in language append on input line 3.
Package babel Info: Redefining spanish shorthand "?
(babel)             in language append on input line 3.
Package babel Info: Redefining spanish shorthand <<
(babel)             in language append on input line 5.
Package babel Info: Redefining spanish shorthand >>
(babel)             in language append on input line 5.
Package babel Info: Redefining spanish shorthand "=
(babel)             in language append on input line 5.
Package babel Info: Redefining spanish shorthand "~
(babel)             in language append on input line 5.
Package babel Info: Redefining spanish shorthand "!
(babel)             in language append on input line 5.
Package babel Info: Redefining spanish shorthand "?
(babel)             in language append on input line 5.
Package babel Info: Redefining spanish shorthand <<
(babel)             in language append on input line 7.
Package babel Info: Redefining spanish shorthand >>
(babel)             in language append on input line 7.
Package babel Info: Redefining spanish shorthand "=
(babel)             in language append on input line 7.
Package babel Info: Redefining spanish shorthand "~
(babel)             in language append on input line 7.
Package babel Info: Redefining spanish shorthand "!
(babel)             in language append on input line 7.
Package babel Info: Redefining spanish shorthand "?
(babel)             in language append on input line 7.
Package babel Info: Redefining spanish shorthand <<
(babel)             in language append on input line 9.
Package babel Info: Redefining spanish shorthand >>
(babel)             in language append on input line 9.
Package babel Info: Redefining spanish shorthand "=
(babel)             in language append on input line 9.
Package babel Info: Redefining spanish shorthand "~
(babel)             in language append on input line 9.
Package babel Info: Redefining spanish shorthand "!
(babel)             in language append on input line 9.
Package babel Info: Redefining spanish shorthand "?
(babel)             in language append on input line 9.
)
Package babel Info: Redefining spanish shorthand <<
(babel)             in language append on input line 384.
Package babel Info: Redefining spanish shorthand >>
(babel)             in language append on input line 384.
Package babel Info: Redefining spanish shorthand "=
(babel)             in language append on input line 384.
Package babel Info: Redefining spanish shorthand "~
(babel)             in language append on input line 384.
Package babel Info: Redefining spanish shorthand "!
(babel)             in language append on input line 384.
Package babel Info: Redefining spanish shorthand "?
(babel)             in language append on input line 384.
Package babel Info: Redefining spanish shorthand <<
(babel)             in language append on input line 384.
Package babel Info: Redefining spanish shorthand >>
(babel)             in language append on input line 384.
Package babel Info: Redefining spanish shorthand "=
(babel)             in language append on input line 384.
Package babel Info: Redefining spanish shorthand "~
(babel)             in language append on input line 384.
Package babel Info: Redefining spanish shorthand "!
(babel)             in language append on input line 384.
Package babel Info: Redefining spanish shorthand "?
(babel)             in language append on input line 384.
 [3



]
\openout2 = `./tex/D_Manual_programador.aux'.

 (./tex/D_Manual_programador.tex
Package babel Info: Redefining spanish shorthand <<
(babel)             in language append on input line 1.
Package babel Info: Redefining spanish shorthand >>
(babel)             in language append on input line 1.
Package babel Info: Redefining spanish shorthand "=
(babel)             in language append on input line 1.
Package babel Info: Redefining spanish shorthand "~
(babel)             in language append on input line 1.
Package babel Info: Redefining spanish shorthand "!
(babel)             in language append on input line 1.
Package babel Info: Redefining spanish shorthand "?
(babel)             in language append on input line 1.
Package babel Info: Redefining spanish shorthand <<
(babel)             in language append on input line 3.
Package babel Info: Redefining spanish shorthand >>
(babel)             in language append on input line 3.
Package babel Info: Redefining spanish shorthand "=
(babel)             in language append on input line 3.
Package babel Info: Redefining spanish shorthand "~
(babel)             in language append on input line 3.
Package babel Info: Redefining spanish shorthand "!
(babel)             in language append on input line 3.
Package babel Info: Redefining spanish shorthand "?
(babel)             in language append on input line 3.
Package babel Info: Redefining spanish shorthand <<
(babel)             in language append on input line 5.
Package babel Info: Redefining spanish shorthand >>
(babel)             in language append on input line 5.
Package babel Info: Redefining spanish shorthand "=
(babel)             in language append on input line 5.
Package babel Info: Redefining spanish shorthand "~
(babel)             in language append on input line 5.
Package babel Info: Redefining spanish shorthand "!
(babel)             in language append on input line 5.
Package babel Info: Redefining spanish shorthand "?
(babel)             in language append on input line 5.
Package babel Info: Redefining spanish shorthand <<
(babel)             in language append on input line 7.
Package babel Info: Redefining spanish shorthand >>
(babel)             in language append on input line 7.
Package babel Info: Redefining spanish shorthand "=
(babel)             in language append on input line 7.
Package babel Info: Redefining spanish shorthand "~
(babel)             in language append on input line 7.
Package babel Info: Redefining spanish shorthand "!
(babel)             in language append on input line 7.
Package babel Info: Redefining spanish shorthand "?
(babel)             in language append on input line 7.
Package babel Info: Redefining spanish shorthand <<
(babel)             in language append on input line 9.
Package babel Info: Redefining spanish shorthand >>
(babel)             in language append on input line 9.
Package babel Info: Redefining spanish shorthand "=
(babel)             in language append on input line 9.
Package babel Info: Redefining spanish shorthand "~
(babel)             in language append on input line 9.
Package babel Info: Redefining spanish shorthand "!
(babel)             in language append on input line 9.
Package babel Info: Redefining spanish shorthand "?
(babel)             in language append on input line 9.
Package babel Info: Redefining spanish shorthand <<
(babel)             in language append on input line 11.
Package babel Info: Redefining spanish shorthand >>
(babel)             in language append on input line 11.
Package babel Info: Redefining spanish shorthand "=
(babel)             in language append on input line 11.
Package babel Info: Redefining spanish shorthand "~
(babel)             in language append on input line 11.
Package babel Info: Redefining spanish shorthand "!
(babel)             in language append on input line 11.
Package babel Info: Redefining spanish shorthand "?
(babel)             in language append on input line 11.
)
Package babel Info: Redefining spanish shorthand <<
(babel)             in language append on input line 385.
Package babel Info: Redefining spanish shorthand >>
(babel)             in language append on input line 385.
Package babel Info: Redefining spanish shorthand "=
(babel)             in language append on input line 385.
Package babel Info: Redefining spanish shorthand "~
(babel)             in language append on input line 385.
Package babel Info: Redefining spanish shorthand "!
(babel)             in language append on input line 385.
Package babel Info: Redefining spanish shorthand "?
(babel)             in language append on input line 385.
Package babel Info: Redefining spanish shorthand <<
(babel)             in language append on input line 385.
Package babel Info: Redefining spanish shorthand >>
(babel)             in language append on input line 385.
Package babel Info: Redefining spanish shorthand "=
(babel)             in language append on input line 385.
Package babel Info: Redefining spanish shorthand "~
(babel)             in language append on input line 385.
Package babel Info: Redefining spanish shorthand "!
(babel)             in language append on input line 385.
Package babel Info: Redefining spanish shorthand "?
(babel)             in language append on input line 385.
 [4



]
\openout2 = `./tex/E_Manual_usuario.aux'.


(./tex/E_Manual_usuario.tex
Package babel Info: Redefining spanish shorthand <<
(babel)             in language append on input line 1.
Package babel Info: Redefining spanish shorthand >>
(babel)             in language append on input line 1.
Package babel Info: Redefining spanish shorthand "=
(babel)             in language append on input line 1.
Package babel Info: Redefining spanish shorthand "~
(babel)             in language append on input line 1.
Package babel Info: Redefining spanish shorthand "!
(babel)             in language append on input line 1.
Package babel Info: Redefining spanish shorthand "?
(babel)             in language append on input line 1.
Package babel Info: Redefining spanish shorthand <<
(babel)             in language append on input line 3.
Package babel Info: Redefining spanish shorthand >>
(babel)             in language append on input line 3.
Package babel Info: Redefining spanish shorthand "=
(babel)             in language append on input line 3.
Package babel Info: Redefining spanish shorthand "~
(babel)             in language append on input line 3.
Package babel Info: Redefining spanish shorthand "!
(babel)             in language append on input line 3.
Package babel Info: Redefining spanish shorthand "?
(babel)             in language append on input line 3.
Package babel Info: Redefining spanish shorthand <<
(babel)             in language append on input line 5.
Package babel Info: Redefining spanish shorthand >>
(babel)             in language append on input line 5.
Package babel Info: Redefining spanish shorthand "=
(babel)             in language append on input line 5.
Package babel Info: Redefining spanish shorthand "~
(babel)             in language append on input line 5.
Package babel Info: Redefining spanish shorthand "!
(babel)             in language append on input line 5.
Package babel Info: Redefining spanish shorthand "?
(babel)             in language append on input line 5.
Package babel Info: Redefining spanish shorthand <<
(babel)             in language append on input line 7.
Package babel Info: Redefining spanish shorthand >>
(babel)             in language append on input line 7.
Package babel Info: Redefining spanish shorthand "=
(babel)             in language append on input line 7.
Package babel Info: Redefining spanish shorthand "~
(babel)             in language append on input line 7.
Package babel Info: Redefining spanish shorthand "!
(babel)             in language append on input line 7.
Package babel Info: Redefining spanish shorthand "?
(babel)             in language append on input line 7.
Package babel Info: Redefining spanish shorthand <<
(babel)             in language append on input line 9.
Package babel Info: Redefining spanish shorthand >>
(babel)             in language append on input line 9.
Package babel Info: Redefining spanish shorthand "=
(babel)             in language append on input line 9.
Package babel Info: Redefining spanish shorthand "~
(babel)             in language append on input line 9.
Package babel Info: Redefining spanish shorthand "!
(babel)             in language append on input line 9.
Package babel Info: Redefining spanish shorthand "?
(babel)             in language append on input line 9.
)
Package babel Info: Redefining spanish shorthand <<
(babel)             in language append on input line 386.
Package babel Info: Redefining spanish shorthand >>
(babel)             in language append on input line 386.
Package babel Info: Redefining spanish shorthand "=
(babel)             in language append on input line 386.
Package babel Info: Redefining spanish shorthand "~
(babel)             in language append on input line 386.
Package babel Info: Redefining spanish shorthand "!
(babel)             in language append on input line 386.
Package babel Info: Redefining spanish shorthand "?
(babel)             in language append on input line 386.
Package babel Info: Redefining spanish shorthand <<
(babel)             in language append on input line 386.
Package babel Info: Redefining spanish shorthand >>
(babel)             in language append on input line 386.
Package babel Info: Redefining spanish shorthand "=
(babel)             in language append on input line 386.
Package babel Info: Redefining spanish shorthand "~
(babel)             in language append on input line 386.
Package babel Info: Redefining spanish shorthand "!
(babel)             in language append on input line 386.
Package babel Info: Redefining spanish shorthand "?
(babel)             in language append on input line 386.
 [5



]
No file anexos.bbl.
\tf@toc=\write5
\openout5 = `anexos.toc'.

\tf@lof=\write6
\openout6 = `anexos.lof'.

\tf@lot=\write7
\openout7 = `anexos.lot'.

Package atveryend Info: Empty hook `BeforeClearDocument' on input line 392.
Package atveryend Info: Empty hook `AfterLastShipout' on input line 392.
(./anexos.aux
LaTeX Info: Redefining \. on input line 24.
LaTeX Info: Redefining \% on input line 24.
LaTeX Info: Redefining \. on input line 28.
LaTeX Info: Redefining \% on input line 28.
 (./tex/A_Plan_proyecto.aux) (./tex/B_Requisitos.aux)
(./tex/C_Diseno.aux) (./tex/D_Manual_programador.aux)
(./tex/E_Manual_usuario.aux))
Package atveryend Info: Executing hook `AtVeryEndDocument' on input line 392.
Package atveryend Info: Executing hook `AtEndAfterFileList' on input line 392.


Package rerunfilecheck Warning: File `anexos.out' has changed.
(rerunfilecheck)                Rerun to get outlines right
(rerunfilecheck)                or use package `bookmark'.

Package rerunfilecheck Info: Checksums for `anexos.out':
(rerunfilecheck)             Before: <no file>
(rerunfilecheck)             After:  EB013FE88FE70DEC7CC2530074EED05E;2081.
Package atveryend Info: Empty hook `AtVeryVeryEnd' on input line 392.
 ) 
Here is how much of TeX's memory you used:
 10831 strings out of 493014
 150496 string characters out of 6133352
 282196 words of memory out of 5000000
 14200 multiletter control sequences out of 15000+600000
 11680 words of font info for 41 fonts, out of 8000000 for 9000
 1141 hyphenation exceptions out of 8191
 43i,11n,35p,231b,384s stack positions out of 5000i,500n,10000p,200000b,80000s
</usr/local/texlive/2016/texmf-dist/fonts/type1/public/amsfonts/cm/cmbx12.pfb
></usr/local/texlive/2016/texmf-dist/fonts/type1/public/amsfonts/cm/cmcsc10.pfb
></usr/local/texlive/2016/texmf-dist/fonts/type1/public/amsfonts/cm/cmr10.pfb><
/usr/local/texlive/2016/texmf-dist/fonts/type1/public/amsfonts/cm/cmr17.pfb></u
sr/local/texlive/2016/texmf-dist/fonts/type1/public/amsfonts/cm/cmssbx10.pfb></
usr/local/texlive/2016/texmf-dist/fonts/type1/public/amsfonts/cm/cmssi12.pfb></
usr/local/texlive/2016/texmf-dist/fonts/type1/public/amsfonts/cm/cmti12.pfb>
Output written on anexos.pdf (9 pages, 284893 bytes).
PDF statistics:
 423 PDF objects out of 1000 (max. 8388607)
 390 compressed objects within 4 object streams
 39 named destinations out of 1000 (max. 500000)
 11 words of extra memory for PDF output out of 10000 (max. 10000000)

