This is pdfTeX, Version 3.14159265-2.6-1.40.17 (TeX Live 2016) (preloaded format=pdflatex 2017.4.7)  23 MAY 2017 17:38
entering extended mode
 restricted \write18 enabled.
 %&-line parsing enabled.
**memoria.tex
(./memoria.tex
LaTeX2e <2016/03/31>
Babel <3.9r> and hyphenation patterns for 83 language(s) loaded.
(/usr/local/texlive/2016/texmf-dist/tex/latex/memoir/memoir.cls
Document Class: memoir 2016/05/16 v3.7f configurable book, report, article docu
ment class
\onelineskip=\skip41
\lxvchars=\skip42
\xlvchars=\skip43
\@memcnta=\count79
\c@@memmarkcntra=\count80
(/usr/local/texlive/2016/texmf-dist/tex/generic/oberdiek/ifpdf.sty
Package: ifpdf 2016/05/14 v3.1 Provides the ifpdf switch
)
(/usr/local/texlive/2016/texmf-dist/tex/latex/ifetex/ifetex.sty
Package: ifetex 2011/12/15 v1.2 ifetex

(/usr/local/texlive/2016/texmf-dist/tex/plain/ifetex/ifetex.tex))
(/usr/local/texlive/2016/texmf-dist/tex/generic/ifxetex/ifxetex.sty
Package: ifxetex 2010/09/12 v0.6 Provides ifxetex conditional
)
(/usr/local/texlive/2016/texmf-dist/tex/generic/oberdiek/ifluatex.sty
Package: ifluatex 2016/05/16 v1.4 Provides the ifluatex switch (HO)
Package ifluatex Info: LuaTeX not detected.
)
\stockheight=\skip44
\stockwidth=\skip45
\trimtop=\skip46
\trimedge=\skip47

(/usr/local/texlive/2016/texmf-dist/tex/latex/memoir/mem11.clo
File: mem11.clo 2008/01/30 v0.3 memoir class 11pt size option
)
\binding=\skip48
\spinemargin=\skip49
\foremargin=\skip50
\uppermargin=\skip51
\lowermargin=\skip52
\headdrop=\skip53
\normalrulethickness=\skip54
\mem@maxheadheight=\skip55
\mem@maxfootheight=\skip56
\headwidth=\skip57
\c@storedpagenumber=\count81
\memPD=\dimen102
\m@mabparskip=\skip58
\thanksmarkwidth=\skip59
\thanksmarksep=\skip60
\droptitle=\skip61
\c@book=\count82
\c@part=\count83
\c@chapter=\count84
\c@section=\count85
\c@subsection=\count86
\c@subsubsection=\count87
\c@paragraph=\count88
\c@subparagraph=\count89
\beforechapskip=\skip62
\midchapskip=\skip63
\afterchapskip=\skip64
\chapindent=\skip65
\bottomsectionskip=\skip66
\secindent=\skip67
\beforesecskip=\skip68
\aftersecskip=\skip69
\subsecindent=\skip70
\beforesubsecskip=\skip71
\aftersubsecskip=\skip72
\subsubsecindent=\skip73
\beforesubsubsecskip=\skip74
\aftersubsubsecskip=\skip75
\paraindent=\skip76
\beforeparaskip=\skip77
\afterparaskip=\skip78
\subparaindent=\skip79
\beforesubparaskip=\skip80
\aftersubparaskip=\skip81
\pfbreakskip=\skip82
\c@@ppsavesec=\count90
\c@@ppsaveapp=\count91
\ragrparindent=\dimen103
\everylistparindent=\dimen104
\parsepi=\skip83
\topsepi=\skip84
\itemsepi=\skip85
\parsepii=\skip86
\topsepii=\skip87
\topsepiii=\skip88
\itemsepii=\skip89
\itemsepiii=\skip90
\partopsepii=\skip91
\partopsepiii=\skip92
\m@msavetopsep=\skip93
\m@msavepartopsep=\skip94
\@enLab=\toks14
\abstitleskip=\skip95
\absleftindent=\skip96
\abs@leftindent=\dimen105
\absrightindent=\skip97
\absparindent=\skip98
\absparsep=\skip99
\c@vslineno=\count92
\c@poemline=\count93
\c@modulo@vs=\count94
\c@memfvsline=\count95
\vleftskip=\skip100
\vrightskip=\skip101
\stanzaskip=\skip102
\versewidth=\skip103
\vgap=\skip104
\vindent=\skip105
\vleftmargin=\dimen106
\c@verse=\count96
\c@chrsinstr=\count97
\beforepoemtitleskip=\skip106
\afterpoemtitleskip=\skip107
\c@poem=\count98
\beforePoemTitleskip=\skip108
\midPoemTitleskip=\skip109
\afterPoemTitleskip=\skip110
\col@sep=\dimen107
\extrarowheight=\dimen108
\NC@list=\toks15
\extratabsurround=\skip111
\backup@length=\skip112
\TX@col@width=\dimen109
\TX@old@table=\dimen110
\TX@old@col=\dimen111
\TX@target=\dimen112
\TX@delta=\dimen113
\TX@cols=\count99
\TX@ftn=\toks16
\heavyrulewidth=\dimen114
\lightrulewidth=\dimen115
\cmidrulewidth=\dimen116
\belowrulesep=\dimen117
\belowbottomsep=\dimen118
\aboverulesep=\dimen119
\abovetopsep=\dimen120
\cmidrulesep=\dimen121
\cmidrulekern=\dimen122
\defaultaddspace=\dimen123
\@cmidla=\count100
\@cmidlb=\count101
\@aboverulesep=\dimen124
\@belowrulesep=\dimen125
\@thisruleclass=\count102
\@lastruleclass=\count103
\@thisrulewidth=\dimen126
\ctableftskip=\skip113
\ctabrightskip=\skip114
\abovecolumnspenalty=\count104
\@linestogo=\count105
\@cellstogo=\count106
\@cellsincolumn=\count107
\crtok=\toks17
\@mincolumnwidth=\dimen127
\c@newflo@tctr=\count108
\mem@margin@floatbox=\box26
\@contcwidth=\skip115
\@contindw=\skip116
\abovecaptionskip=\skip117
\belowcaptionskip=\skip118
\subfloattopskip=\skip119
\subfloatcapskip=\skip120
\subfloatcaptopadj=\skip121
\subfloatbottomskip=\skip122
\subfloatlabelskip=\skip123
\subfloatcapmargin=\dimen128
\c@@contsubnum=\count109
\m@mscap@capbox=\box27
\m@mscap@fbox=\box28
\sidecapsep=\dimen129
\sidecapwidth=\dimen130
\m@m@tempdima=\dimen131
\m@mscapraise=\dimen132
\sidecapraise=\dimen133
\m@mscapmainwidth=\dimen134
\m@mscaplkern=\dimen135
\beforeepigraphskip=\skip124
\afterepigraphskip=\skip125
\epigraphwidth=\skip126
\epigraphrule=\skip127
LaTeX Info: Redefining \em on input line 7551.
LaTeX Info: Redefining \emph on input line 7559.
\tocentryskip=\skip128
\tocbaseline=\skip129
\cftparskip=\skip130
\cftbeforebookskip=\skip131
\cftbookindent=\dimen136
\cftbooknumwidth=\dimen137
\cftbeforepartskip=\skip132
\cftpartindent=\skip133
\cftpartnumwidth=\skip134
\cftbeforechapterskip=\skip135
\cftchapterindent=\skip136
\cftchapternumwidth=\skip137
\cftbeforesectionskip=\skip138
\cftsectionindent=\skip139
\cftsectionnumwidth=\skip140
\cftbeforesubsectionskip=\skip141
\cftsubsectionindent=\skip142
\cftsubsectionnumwidth=\skip143
\cftbeforesubsubsectionskip=\skip144
\cftsubsubsectionindent=\skip145
\cftsubsubsectionnumwidth=\skip146
\cftbeforeparagraphskip=\skip147
\cftparagraphindent=\skip148
\cftparagraphnumwidth=\skip149
\cftbeforesubparagraphskip=\skip150
\cftsubparagraphindent=\skip151
\cftsubparagraphnumwidth=\skip152
\prechapterprecisshift=\dimen138
\c@maxsecnumdepth=\count110
\bibindent=\dimen139
\bibitemsep=\skip153
\indexcolsep=\skip154
\indexrule=\skip155
\indexmarkstyle=\toks18
\@indexbox=\insert199
\glossarycolsep=\dimen140
\glossaryrule=\dimen141
\sideparvshift=\skip156
\sideins=\insert198
\sidebartopsep=\skip157
\sidebarhsep=\skip158
\sidebarvsep=\skip159
\sidebarwidth=\skip160
\footmarkwidth=\skip161
\footmarksep=\skip162
\footparindent=\skip163
\footinsdim=\skip164
\footinsv@r=\insert197
\@mpfootinsv@r=\insert196
\m@m@k=\count111
\m@m@h=\dimen142
\m@mipn@skip=\skip165
\sidefootins=\insert195
\sidefootadjust=\skip166
\sidefootheight=\skip167
\sidefoothsep=\skip168
\sidefootvsep=\skip169
\sidefootwidth=\skip170
\m@mdownsf=\skip171
\c@sidefootnote=\count112
\sidefootmarkwidth=\skip172
\sidefootmarksep=\skip173
\sidefootparindent=\skip174
\c@pagenote=\count113
\c@pagenoteshadow=\count114
\mem@pn@lastkern=\skip175
\every@verbatim=\toks19
\afterevery@verbatim=\toks20
\verbatim@line=\toks21
\tab@position=\count115
\verbatim@in@stream=\read1
\verbatimindent=\skip176
\verbatim@out=\write3
\bvboxsep=\skip177
\c@memfbvline=\count116
\c@bvlinectr=\count117
\bvnumlength=\skip178
\fb@frw=\dimen143
\fb@frh=\dimen144
\FrameRule=\dimen145
\FrameSep=\dimen146
\c@cp@cntr=\count118
LaTeX Info: Redefining \: on input line 12068.
LaTeX Info: Redefining \! on input line 12070.
\c@ism@mctr=\count119
\c@xsm@mctr=\count120
\c@csm@mctr=\count121
\c@ksm@mctr=\count122
\c@xksm@mctr=\count123
\c@cksm@mctr=\count124
\c@msm@mctr=\count125
\c@xmsm@mctr=\count126
\c@cmsm@mctr=\count127
\c@bsm@mctr=\count128
\c@workm@mctr=\count129
\c@sheetsequence=\count130
\c@lastsheet=\count131
\c@lastpage=\count132
\c@figure=\count133
\c@lofdepth=\count134
\cftbeforefigureskip=\skip179
\cftfigureindent=\skip180
\cftfigurenumwidth=\skip181
\c@table=\count135
\c@lotdepth=\count136
\cftbeforetableskip=\skip182
\cfttableindent=\skip183
\cfttablenumwidth=\skip184
Package abstract [2008/07/23] emulated by memoir.
Package appendix [2008/07/23] emulated by memoir.
Package array [2008/09/09] emulated by memoir.
Package booktabs [2016/05/16] emulated by memoir.
Package ccaption [2008/07/23] emulated by memoir.
Package changepage [2008/07/23] emulated by memoir.
Package chngcntr [2008/07/23] emulated by memoir.
Package chngpage [2008/07/23] emulated by memoir.
Package crop emulated by memoir.
Package dcolumn [2008/07/23] emulated by memoir.
Package delarray [2008/07/23] emulated by memoir.
Package enumerate [2008/07/23] emulated by memoir.
Package epigraph [2008/07/23] emulated by memoir.
Package ifmtarg [2008/07/23] emulated by memoir.
Package index [2008/07/23] emulated by memoir.
Package makeidx [2008/07/23] emulated by memoir.
Package moreverb [2008/07/23] emulated by memoir.
Package mparhack [2008/07/23] emulated by memoir.
Package needspace [2008/07/23] emulated by memoir.
Package newfile [2008/07/23] emulated by memoir.
Package nextpage [2008/07/23] emulated by memoir.
Package pagenote [2008/07/23] emulated by memoir.
Package parskip [2008/07/23] emulated by memoir.
Package patchcmd [2008/07/23] emulated by memoir.
Package setspace [2008/07/23] emulated by memoir.
Package shortvrb [2008/07/23] emulated by memoir.
Package showidx [2008/07/23] emulated by memoir.
Package tabularx [2008/07/23] emulated by memoir.
Package titleref [2008/07/23] emulated by memoir.
Package titling [2008/07/23] emulated by memoir.
Package tocbibind [2008/07/23] emulated by memoir.
Package tocloft [2008/07/23] emulated by memoir.
Package tocvsec2 [2008/07/23] emulated by memoir.
Package verbatim [2008/07/23] emulated by memoir.
Package verse [2008/07/23] emulated by memoir.

(/usr/local/texlive/2016/texmf-dist/tex/latex/memoir/mempatch.sty
Package: mempatch 2009/07/24 v6.0f Patches for memoir class v1.6180339
))
(/usr/local/texlive/2016/texmf-dist/tex/generic/babel/babel.sty
Package: babel 2016/04/23 3.9r The Babel package

(/usr/local/texlive/2016/texmf-dist/tex/generic/babel-spanish/spanish.ldf
Language: spanish.ldf 2016/03/03 v5.0p Spanish support from the babel system

(/usr/local/texlive/2016/texmf-dist/tex/generic/babel/babel.def
File: babel.def 2016/04/23 3.9r Babel common definitions
\babel@savecnt=\count137
\U@D=\dimen147
)
\es@quottoks=\toks22
\es@quotdepth=\count138
Package babel Info: Making " an active character on input line 561.
Package babel Info: Making . an active character on input line 662.
Package babel Info: Making < an active character on input line 707.
Package babel Info: Making > an active character on input line 707.
))
LaTeX Info: Redefining \. on input line 5.
LaTeX Info: Redefining \% on input line 5.

(/usr/local/texlive/2016/texmf-dist/tex/latex/base/inputenc.sty
Package: inputenc 2015/03/17 v1.2c Input encoding file
\inpenc@prehook=\toks23
\inpenc@posthook=\toks24

(/usr/local/texlive/2016/texmf-dist/tex/latex/ucs/utf8x.def
File: utf8x.def 2004/10/17 UCS: Input encoding UTF-8
))
(/usr/local/texlive/2016/texmf-dist/tex/latex/ucs/ucs.sty
Package: ucs 2013/05/11 v2.2 UCS: Unicode input support

(/usr/local/texlive/2016/texmf-dist/tex/latex/ucs/data/uni-global.def
File: uni-global.def 2013/05/13 UCS: Unicode global data
)
\uc@secondtry=\count139
\uc@combtoks=\toks25
\uc@combtoksb=\toks26
\uc@temptokena=\toks27
)
(/usr/local/texlive/2016/texmf-dist/tex/latex/placeins/placeins.sty
Package: placeins 2005/04/18  v 2.2
)
(/usr/local/texlive/2016/texmf-dist/tex/latex/float/float.sty
Package: float 2001/11/08 v1.3d Float enhancements (AL)
\c@float@type=\count140
\float@exts=\toks28
\float@box=\box29
\@float@everytoks=\toks29
\@floatcapt=\box30
)
(/usr/local/texlive/2016/texmf-dist/tex/latex/xcolor/xcolor.sty
Package: xcolor 2016/05/11 v2.12 LaTeX color extensions (UK)

(/usr/local/texlive/2016/texmf-dist/tex/latex/graphics-cfg/color.cfg
File: color.cfg 2016/01/02 v1.6 sample color configuration
)
Package xcolor Info: Driver file: pdftex.def on input line 225.

(/usr/local/texlive/2016/texmf-dist/tex/latex/pdftex-def/pdftex.def
File: pdftex.def 2011/05/27 v0.06d Graphics/color for pdfTeX

(/usr/local/texlive/2016/texmf-dist/tex/generic/oberdiek/infwarerr.sty
Package: infwarerr 2016/05/16 v1.4 Providing info/warning/error messages (HO)
)
(/usr/local/texlive/2016/texmf-dist/tex/generic/oberdiek/ltxcmds.sty
Package: ltxcmds 2016/05/16 v1.23 LaTeX kernel commands for general use (HO)
)
\Gread@gobject=\count141
)
(/usr/local/texlive/2016/texmf-dist/tex/latex/colortbl/colortbl.sty
Package: colortbl 2012/02/13 v1.0a Color table columns (DPC)
\everycr=\toks30
\minrowclearance=\skip185
)
\rownum=\count142
Package xcolor Info: Model `cmy' substituted by `cmy0' on input line 1348.
Package xcolor Info: Model `hsb' substituted by `rgb' on input line 1352.
Package xcolor Info: Model `RGB' extended on input line 1364.
Package xcolor Info: Model `HTML' substituted by `rgb' on input line 1366.
Package xcolor Info: Model `Hsb' substituted by `hsb' on input line 1367.
Package xcolor Info: Model `tHsb' substituted by `hsb' on input line 1368.
Package xcolor Info: Model `HSB' substituted by `hsb' on input line 1369.
Package xcolor Info: Model `Gray' substituted by `gray' on input line 1370.
Package xcolor Info: Model `wave' substituted by `hsb' on input line 1371.
)
(/usr/local/texlive/2016/texmf-dist/tex/latex/xtab/xtab.sty
Package: xtab 2011/07/31 v2.3f Extended supertabular package
\c@tracingst=\count143
\PWSTcapht=\dimen148
\ST@wd=\dimen149
\ST@rightskip=\skip186
\ST@leftskip=\skip187
\ST@parfillskip=\skip188
\c@PWSTtable=\count144
\PWSTlastpage=\count145
\PWSTpenultimate=\count146
\PWSTcurpage=\count147
\PWSTtempc=\count148
\PWSTlines=\count149
\PWST@lastht=\dimen150
\PWST@generalht=\dimen151
\PWST@ht=\dimen152
\ST@pageleft=\dimen153
\ST@headht=\dimen154
\ST@tailht=\dimen155
\ST@pagesofar=\dimen156
\ST@pboxht=\dimen157
\ST@lineht=\dimen158
\ST@stretchht=\dimen159
\ST@prevht=\dimen160
\ST@toadd=\dimen161
\ST@dimen=\dimen162
\ST@pbox=\box31
)
(/usr/local/texlive/2016/texmf-dist/tex/latex/multirow/multirow.sty
\bigstrutjot=\dimen163
)
(/usr/local/texlive/2016/texmf-dist/tex/latex/hyperref/hyperref.sty
Package: hyperref 2016/05/05 v6.83n Hypertext links for LaTeX

(/usr/local/texlive/2016/texmf-dist/tex/generic/oberdiek/hobsub-hyperref.sty
Package: hobsub-hyperref 2016/05/16 v1.14 Bundle oberdiek, subset hyperref (HO)


(/usr/local/texlive/2016/texmf-dist/tex/generic/oberdiek/hobsub-generic.sty
Package: hobsub-generic 2016/05/16 v1.14 Bundle oberdiek, subset generic (HO)
Package: hobsub 2016/05/16 v1.14 Construct package bundles (HO)
Package hobsub Info: Skipping package `infwarerr' (already loaded).
Package hobsub Info: Skipping package `ltxcmds' (already loaded).
Package hobsub Info: Skipping package `ifluatex' (already loaded).
Package: ifvtex 2016/05/16 v1.6 Detect VTeX and its facilities (HO)
Package ifvtex Info: VTeX not detected.
Package: intcalc 2016/05/16 v1.2 Expandable calculations with integers (HO)
Package hobsub Info: Skipping package `ifpdf' (already loaded).
Package: etexcmds 2016/05/16 v1.6 Avoid name clashes with e-TeX commands (HO)
Package etexcmds Info: Could not find \expanded.
(etexcmds)             That can mean that you are not using pdfTeX 1.50 or
(etexcmds)             that some package has redefined \expanded.
(etexcmds)             In the latter case, load this package earlier.
Package: kvsetkeys 2016/05/16 v1.17 Key value parser (HO)
Package: kvdefinekeys 2016/05/16 v1.4 Define keys (HO)
Package: pdftexcmds 2016/05/10 v0.21 Utility functions of pdfTeX for LuaTeX (HO
)
Package pdftexcmds Info: LuaTeX not detected.
Package pdftexcmds Info: \pdf@primitive is available.
Package pdftexcmds Info: \pdf@ifprimitive is available.
Package pdftexcmds Info: \pdfdraftmode found.
Package: pdfescape 2016/05/16 v1.14 Implements pdfTeX's escape features (HO)
Package: bigintcalc 2016/05/16 v1.4 Expandable calculations on big integers (HO
)
Package: bitset 2016/05/16 v1.2 Handle bit-vector datatype (HO)
Package: uniquecounter 2016/05/16 v1.3 Provide unlimited unique counter (HO)
)
Package hobsub Info: Skipping package `hobsub' (already loaded).
Package: letltxmacro 2016/05/16 v1.5 Let assignment for LaTeX macros (HO)
Package: hopatch 2016/05/16 v1.3 Wrapper for package hooks (HO)
Package: xcolor-patch 2016/05/16 xcolor patch
Package: atveryend 2016/05/16 v1.9 Hooks at the very end of document (HO)
Package atveryend Info: \enddocument detected (standard20110627).
Package: atbegshi 2016/05/16 v1.17 At begin shipout hook (HO)
Package: refcount 2016/05/16 v3.5 Data extraction from label references (HO)
Package: hycolor 2016/05/16 v1.8 Color options for hyperref/bookmark (HO)
)
(/usr/local/texlive/2016/texmf-dist/tex/latex/graphics/keyval.sty
Package: keyval 2014/10/28 v1.15 key=value parser (DPC)
\KV@toks@=\toks31
)
(/usr/local/texlive/2016/texmf-dist/tex/latex/oberdiek/auxhook.sty
Package: auxhook 2016/05/16 v1.4 Hooks for auxiliary files (HO)
)
(/usr/local/texlive/2016/texmf-dist/tex/latex/oberdiek/kvoptions.sty
Package: kvoptions 2016/05/16 v3.12 Key value format for package options (HO)
)
\@linkdim=\dimen164
\Hy@linkcounter=\count150
\Hy@pagecounter=\count151

(/usr/local/texlive/2016/texmf-dist/tex/latex/hyperref/pd1enc.def
File: pd1enc.def 2016/05/05 v6.83n Hyperref: PDFDocEncoding definition (HO)
)
\Hy@SavedSpaceFactor=\count152

(/usr/local/texlive/2016/texmf-dist/tex/latex/latexconfig/hyperref.cfg
File: hyperref.cfg 2002/06/06 v1.2 hyperref configuration of TeXLive
)
Package hyperref Info: Option `colorlinks' set `true' on input line 4322.
Package hyperref Info: Hyper figures OFF on input line 4446.
Package hyperref Info: Link nesting OFF on input line 4451.
Package hyperref Info: Hyper index ON on input line 4454.
Package hyperref Info: Plain pages OFF on input line 4461.
Package hyperref Info: Backreferencing OFF on input line 4466.
Package hyperref Info: Implicit mode ON; LaTeX internals redefined.
Package hyperref Info: Bookmarks ON on input line 4691.
\c@Hy@tempcnt=\count153

(/usr/local/texlive/2016/texmf-dist/tex/latex/url/url.sty
\Urlmuskip=\muskip10
Package: url 2013/09/16  ver 3.4  Verb mode for urls, etc.
)
LaTeX Info: Redefining \url on input line 5044.
\XeTeXLinkMargin=\dimen165
\Fld@menulength=\count154
\Field@Width=\dimen166
\Fld@charsize=\dimen167
Package hyperref Info: Hyper figures OFF on input line 6298.
Package hyperref Info: Link nesting OFF on input line 6303.
Package hyperref Info: Hyper index ON on input line 6306.
Package hyperref Info: backreferencing OFF on input line 6313.
Package hyperref Info: Link coloring ON on input line 6316.
Package hyperref Info: Link coloring with OCG OFF on input line 6323.
Package hyperref Info: PDF/A mode OFF on input line 6328.
LaTeX Info: Redefining \ref on input line 6368.
LaTeX Info: Redefining \pageref on input line 6372.
\Hy@abspage=\count155
\c@Item=\count156
\c@Hfootnote=\count157
)
(/usr/local/texlive/2016/texmf-dist/tex/latex/memoir/memhfixc.sty
Package: memhfixc 2013/05/30 v1.17 nameref/hyperref package fixes for memoir cl
ass
\c@memhycontfloat=\count158
\c@Hpagenote=\count159
)

Package hyperref Message: Driver (autodetected): hpdftex.

(/usr/local/texlive/2016/texmf-dist/tex/latex/hyperref/hpdftex.def
File: hpdftex.def 2016/05/05 v6.83n Hyperref driver for pdfTeX
\Fld@listcount=\count160
\c@bookmark@seq@number=\count161

(/usr/local/texlive/2016/texmf-dist/tex/latex/oberdiek/rerunfilecheck.sty
Package: rerunfilecheck 2016/05/16 v1.8 Rerun checks for auxiliary files (HO)
Package uniquecounter Info: New unique counter `rerunfilecheck' on input line 2
82.
)
\Hy@SectionHShift=\skip189
)
(/usr/local/texlive/2016/texmf-dist/tex/latex/amsmath/amsmath.sty
Package: amsmath 2016/03/10 v2.15b AMS math features
\@mathmargin=\skip190

For additional information on amsmath, use the `?' option.
(/usr/local/texlive/2016/texmf-dist/tex/latex/amsmath/amstext.sty
Package: amstext 2000/06/29 v2.01 AMS text

(/usr/local/texlive/2016/texmf-dist/tex/latex/amsmath/amsgen.sty
File: amsgen.sty 1999/11/30 v2.0 generic functions
\@emptytoks=\toks32
\ex@=\dimen168
))
(/usr/local/texlive/2016/texmf-dist/tex/latex/amsmath/amsbsy.sty
Package: amsbsy 1999/11/29 v1.2d Bold Symbols
\pmbraise@=\dimen169
)
(/usr/local/texlive/2016/texmf-dist/tex/latex/amsmath/amsopn.sty
Package: amsopn 2016/03/08 v2.02 operator names
)
\inf@bad=\count162
LaTeX Info: Redefining \frac on input line 199.
\uproot@=\count163
\leftroot@=\count164
LaTeX Info: Redefining \overline on input line 297.
\classnum@=\count165
\DOTSCASE@=\count166
LaTeX Info: Redefining \ldots on input line 394.
LaTeX Info: Redefining \dots on input line 397.
LaTeX Info: Redefining \cdots on input line 518.
\Mathstrutbox@=\box32
\strutbox@=\box33
\big@size=\dimen170
LaTeX Font Info:    Redeclaring font encoding OML on input line 634.
LaTeX Font Info:    Redeclaring font encoding OMS on input line 635.
\macc@depth=\count167
\c@MaxMatrixCols=\count168
\dotsspace@=\muskip11
\c@parentequation=\count169
\dspbrk@lvl=\count170
\tag@help=\toks33
\row@=\count171
\column@=\count172
\maxfields@=\count173
\andhelp@=\toks34
\eqnshift@=\dimen171
\alignsep@=\dimen172
\tagshift@=\dimen173
\tagwidth@=\dimen174
\totwidth@=\dimen175
\lineht@=\dimen176
\@envbody=\toks35
\multlinegap=\skip191
\multlinetaggap=\skip192
\mathdisplay@stack=\toks36
LaTeX Info: Redefining \[ on input line 2739.
LaTeX Info: Redefining \] on input line 2740.
)
Package hyperref Info: Option `colorlinks' set `true' on input line 59.

(/usr/local/texlive/2016/texmf-dist/tex/latex/graphics/graphicx.sty
Package: graphicx 2014/10/28 v1.0g Enhanced LaTeX Graphics (DPC,SPQR)

(/usr/local/texlive/2016/texmf-dist/tex/latex/graphics/graphics.sty
Package: graphics 2016/05/09 v1.0r Standard LaTeX Graphics (DPC,SPQR)

(/usr/local/texlive/2016/texmf-dist/tex/latex/graphics/trig.sty
Package: trig 2016/01/03 v1.10 sin cos tan (DPC)
)
(/usr/local/texlive/2016/texmf-dist/tex/latex/graphics-cfg/graphics.cfg
File: graphics.cfg 2016/01/02 v1.10 sample graphics configuration
)
Package graphics Info: Driver file: pdftex.def on input line 96.
)
\Gin@req@height=\dimen177
\Gin@req@width=\dimen178
)
(./memoria.aux
LaTeX Info: Redefining \. on input line 24.
LaTeX Info: Redefining \% on input line 24.
LaTeX Info: Redefining \. on input line 28.
LaTeX Info: Redefining \% on input line 28.
 (./tex/1_Introduccion.aux) (./tex/2_Objetivos_del_proyecto.aux)
(./tex/3_Conceptos_teoricos.aux) (./tex/4_Tecnicas_y_herramientas.aux

LaTeX Warning: Label `entorno-desarrollo' multiply defined.


LaTeX Warning: Label `entorno-desarrollo' multiply defined.


LaTeX Warning: Label `detalle-angularcli' multiply defined.


LaTeX Warning: Label `tecologias-nodejs' multiply defined.

) (./tex/5_Aspectos_relevantes_del_desarrollo_del_proyecto.aux)
(./tex/6_Trabajos_relacionados.aux)
(./tex/7_Conclusiones_Lineas_de_trabajo_futuras.aux))
\openout1 = `memoria.aux'.

LaTeX Font Info:    Checking defaults for OML/cmm/m/it on input line 392.
LaTeX Font Info:    ... okay on input line 392.
LaTeX Font Info:    Checking defaults for T1/cmr/m/n on input line 392.
LaTeX Font Info:    ... okay on input line 392.
LaTeX Font Info:    Checking defaults for OT1/cmr/m/n on input line 392.
LaTeX Font Info:    ... okay on input line 392.
LaTeX Font Info:    Checking defaults for OMS/cmsy/m/n on input line 392.
LaTeX Font Info:    ... okay on input line 392.
LaTeX Font Info:    Checking defaults for OMX/cmex/m/n on input line 392.
LaTeX Font Info:    ... okay on input line 392.
LaTeX Font Info:    Checking defaults for U/cmr/m/n on input line 392.
LaTeX Font Info:    ... okay on input line 392.
LaTeX Font Info:    Checking defaults for PD1/pdf/m/n on input line 392.
LaTeX Font Info:    ... okay on input line 392.
LaTeX Info: Redefining \. on input line 392.
LaTeX Info: Redefining \% on input line 392.

(/usr/local/texlive/2016/texmf-dist/tex/latex/ucs/ucsencs.def
File: ucsencs.def 2011/01/21 Fixes to fontencodings LGR, T3
)
(/usr/local/texlive/2016/texmf-dist/tex/context/base/mkii/supp-pdf.mkii
[Loading MPS to PDF converter (version 2006.09.02).]
\scratchcounter=\count174
\scratchdimen=\dimen179
\scratchbox=\box34
\nofMPsegments=\count175
\nofMParguments=\count176
\everyMPshowfont=\toks37
\MPscratchCnt=\count177
\MPscratchDim=\dimen180
\MPnumerator=\count178
\makeMPintoPDFobject=\count179
\everyMPtoPDFconversion=\toks38
)
\AtBeginShipoutBox=\box35
Package hyperref Info: Link coloring ON on input line 392.
 (/usr/local/texlive/2016/texmf-dist/tex/latex/hyperref/nameref.sty
Package: nameref 2012/10/27 v2.43 Cross-referencing by name of section

(/usr/local/texlive/2016/texmf-dist/tex/generic/oberdiek/gettitlestring.sty
Package: gettitlestring 2016/05/16 v1.5 Cleanup title references (HO)
)
\c@section@level=\count180
)
Redoing nameref's sectioning
Redoing nameref's label
LaTeX Info: Redefining \nameref on input line 392.
LaTeX Info: Redefining \ref on input line 392.
LaTeX Info: Redefining \pageref on input line 392.
LaTeX Info: Redefining \nameref on input line 392.
(./memoria.out) (./memoria.out)
\@outlinefile=\write4
\openout4 = `memoria.out'.


(/usr/local/texlive/2016/texmf-dist/tex/latex/oberdiek/epstopdf-base.sty
Package: epstopdf-base 2016/05/15 v2.6 Base part for package epstopdf

(/usr/local/texlive/2016/texmf-dist/tex/latex/oberdiek/grfext.sty
Package: grfext 2016/05/16 v1.2 Manage graphics extensions (HO)
)
Package grfext Info: Graphics extension search list:
(grfext)             [.png,.pdf,.jpg,.mps,.jpeg,.jbig2,.jb2,.PNG,.PDF,.JPG,.JPE
G,.JBIG2,.JB2,.eps]
(grfext)             \AppendGraphicsExtensions on input line 456.

(/usr/local/texlive/2016/texmf-dist/tex/latex/latexconfig/epstopdf-sys.cfg
File: epstopdf-sys.cfg 2010/07/13 v1.3 Configuration of (r)epstopdf for TeX Liv
e
))
<./img/cabecera.pdf, id=112, 617.67549pt x 135.51413pt>
File: ./img/cabecera.pdf Graphic file (type pdf)

<use ./img/cabecera.pdf>
Package pdftex.def Info: ./img/cabecera.pdf used on input line 394.
(pdftex.def)             Requested size: 369.0pt x 80.95758pt.

(/usr/local/texlive/2016/texmf-dist/tex/latex/ucs/data/uni-0.def
File: uni-0.def 2013/05/13 UCS: Unicode data U+0000..U+00FF
)
<./img/escudoInfor.pdf, id=113, 618.11432pt x 737.07487pt>
File: ./img/escudoInfor.pdf Graphic file (type pdf)

<use ./img/escudoInfor.pdf>
Package pdftex.def Info: ./img/escudoInfor.pdf used on input line 394.
(pdftex.def)             Requested size: 73.79887pt x 87.99529pt.

Overfull \hbox (26.65pt too wide) in paragraph at lines 394--394
[][][][][][][] $[]$ 
 []

Package babel Info: Redefining spanish shorthand <<
(babel)             in language append on input line 394.
Package babel Info: Redefining spanish shorthand >>
(babel)             in language append on input line 394.
Package babel Info: Redefining spanish shorthand "=
(babel)             in language append on input line 394.
Package babel Info: Redefining spanish shorthand "~
(babel)             in language append on input line 394.
Package babel Info: Redefining spanish shorthand "!
(babel)             in language append on input line 394.
Package babel Info: Redefining spanish shorthand "?
(babel)             in language append on input line 394.
Package babel Info: Redefining spanish shorthand <<
(babel)             in language append on input line 394.
Package babel Info: Redefining spanish shorthand >>
(babel)             in language append on input line 394.
Package babel Info: Redefining spanish shorthand "=
(babel)             in language append on input line 394.
Package babel Info: Redefining spanish shorthand "~
(babel)             in language append on input line 394.
Package babel Info: Redefining spanish shorthand "!
(babel)             in language append on input line 394.
Package babel Info: Redefining spanish shorthand "?
(babel)             in language append on input line 394.
[1

{/usr/local/texlive/2016/texmf-var/fonts/map/pdftex/updmap/pdftex.map} <./img/c
abecera.pdf> <./img/escudoInfor.pdf

pdfTeX warning: /Library/TeX/texbin/pdflatex (file ./img/escudoInfor.pdf): PDF 
inclusion: multiple pdfs with page group included in a single page
>]
Package babel Info: Redefining spanish shorthand <<
(babel)             in language append on input line 397.
Package babel Info: Redefining spanish shorthand >>
(babel)             in language append on input line 397.
Package babel Info: Redefining spanish shorthand "=
(babel)             in language append on input line 397.
Package babel Info: Redefining spanish shorthand "~
(babel)             in language append on input line 397.
Package babel Info: Redefining spanish shorthand "!
(babel)             in language append on input line 397.
Package babel Info: Redefining spanish shorthand "?
(babel)             in language append on input line 397.
Package babel Info: Redefining spanish shorthand <<
(babel)             in language append on input line 397.
Package babel Info: Redefining spanish shorthand >>
(babel)             in language append on input line 397.
Package babel Info: Redefining spanish shorthand "=
(babel)             in language append on input line 397.
Package babel Info: Redefining spanish shorthand "~
(babel)             in language append on input line 397.
Package babel Info: Redefining spanish shorthand "!
(babel)             in language append on input line 397.
Package babel Info: Redefining spanish shorthand "?
(babel)             in language append on input line 397.
 [2

]
File: ./img/cabecera.pdf Graphic file (type pdf)
 <use ./img/cabecera.pdf>
Package pdftex.def Info: ./img/cabecera.pdf used on input line 404.
(pdftex.def)             Requested size: 369.0pt x 80.95758pt.
Package babel Info: Redefining spanish shorthand <<
(babel)             in language append on input line 450.
Package babel Info: Redefining spanish shorthand >>
(babel)             in language append on input line 450.
Package babel Info: Redefining spanish shorthand "=
(babel)             in language append on input line 450.
Package babel Info: Redefining spanish shorthand "~
(babel)             in language append on input line 450.
Package babel Info: Redefining spanish shorthand "!
(babel)             in language append on input line 450.
Package babel Info: Redefining spanish shorthand "?
(babel)             in language append on input line 450.
Package babel Info: Redefining spanish shorthand <<
(babel)             in language append on input line 450.
Package babel Info: Redefining spanish shorthand >>
(babel)             in language append on input line 450.
Package babel Info: Redefining spanish shorthand "=
(babel)             in language append on input line 450.
Package babel Info: Redefining spanish shorthand "~
(babel)             in language append on input line 450.
Package babel Info: Redefining spanish shorthand "!
(babel)             in language append on input line 450.
Package babel Info: Redefining spanish shorthand "?
(babel)             in language append on input line 450.
 [3]
Package babel Info: Redefining spanish shorthand <<
(babel)             in language append on input line 450.
Package babel Info: Redefining spanish shorthand >>
(babel)             in language append on input line 450.
Package babel Info: Redefining spanish shorthand "=
(babel)             in language append on input line 450.
Package babel Info: Redefining spanish shorthand "~
(babel)             in language append on input line 450.
Package babel Info: Redefining spanish shorthand "!
(babel)             in language append on input line 450.
Package babel Info: Redefining spanish shorthand "?
(babel)             in language append on input line 450.
Package babel Info: Redefining spanish shorthand <<
(babel)             in language append on input line 450.
Package babel Info: Redefining spanish shorthand >>
(babel)             in language append on input line 450.
Package babel Info: Redefining spanish shorthand "=
(babel)             in language append on input line 450.
Package babel Info: Redefining spanish shorthand "~
(babel)             in language append on input line 450.
Package babel Info: Redefining spanish shorthand "!
(babel)             in language append on input line 450.
Package babel Info: Redefining spanish shorthand "?
(babel)             in language append on input line 450.
 [4]
Package babel Info: Redefining spanish shorthand <<
(babel)             in language append on input line 472.
Package babel Info: Redefining spanish shorthand >>
(babel)             in language append on input line 472.
Package babel Info: Redefining spanish shorthand "=
(babel)             in language append on input line 472.
Package babel Info: Redefining spanish shorthand "~
(babel)             in language append on input line 472.
Package babel Info: Redefining spanish shorthand "!
(babel)             in language append on input line 472.
Package babel Info: Redefining spanish shorthand "?
(babel)             in language append on input line 472.
Package babel Info: Redefining spanish shorthand <<
(babel)             in language append on input line 472.
Package babel Info: Redefining spanish shorthand >>
(babel)             in language append on input line 472.
Package babel Info: Redefining spanish shorthand "=
(babel)             in language append on input line 472.
Package babel Info: Redefining spanish shorthand "~
(babel)             in language append on input line 472.
Package babel Info: Redefining spanish shorthand "!
(babel)             in language append on input line 472.
Package babel Info: Redefining spanish shorthand "?
(babel)             in language append on input line 472.
 [1

]
Package babel Info: Redefining spanish shorthand <<
(babel)             in language append on input line 489.
Package babel Info: Redefining spanish shorthand >>
(babel)             in language append on input line 489.
Package babel Info: Redefining spanish shorthand "=
(babel)             in language append on input line 489.
Package babel Info: Redefining spanish shorthand "~
(babel)             in language append on input line 489.
Package babel Info: Redefining spanish shorthand "!
(babel)             in language append on input line 489.
Package babel Info: Redefining spanish shorthand "?
(babel)             in language append on input line 489.
Package babel Info: Redefining spanish shorthand <<
(babel)             in language append on input line 489.
Package babel Info: Redefining spanish shorthand >>
(babel)             in language append on input line 489.
Package babel Info: Redefining spanish shorthand "=
(babel)             in language append on input line 489.
Package babel Info: Redefining spanish shorthand "~
(babel)             in language append on input line 489.
Package babel Info: Redefining spanish shorthand "!
(babel)             in language append on input line 489.
Package babel Info: Redefining spanish shorthand "?
(babel)             in language append on input line 489.
 [2

]
Package babel Info: Redefining spanish shorthand <<
(babel)             in language append on input line 493.
Package babel Info: Redefining spanish shorthand >>
(babel)             in language append on input line 493.
Package babel Info: Redefining spanish shorthand "=
(babel)             in language append on input line 493.
Package babel Info: Redefining spanish shorthand "~
(babel)             in language append on input line 493.
Package babel Info: Redefining spanish shorthand "!
(babel)             in language append on input line 493.
Package babel Info: Redefining spanish shorthand "?
(babel)             in language append on input line 493.
 (./memoria.toc
LaTeX Info: Redefining \. on input line 1.
LaTeX Info: Redefining \% on input line 1.
LaTeX Info: Redefining \. on input line 2.
LaTeX Info: Redefining \% on input line 2.


LaTeX Font Warning: Font shape `OT1/cmr/bx/sc' undefined
(Font)              using `OT1/cmr/bx/n' instead on input line 3.


Package spanish Warning: Replacing `OT1/cmr/bx/sc' by 
(spanish)                faked small caps on input line 3.


Package spanish Warning: Replacing `OT1/cmr/bx/sc' by 
(spanish)                faked small caps on input line 4.


Package spanish Warning: Replacing `OT1/cmr/bx/sc' by 
(spanish)                faked small caps on input line 5.

Package babel Info: Redefining spanish shorthand <<
(babel)             in language append on input line 44.
Package babel Info: Redefining spanish shorthand >>
(babel)             in language append on input line 44.
Package babel Info: Redefining spanish shorthand "=
(babel)             in language append on input line 44.
Package babel Info: Redefining spanish shorthand "~
(babel)             in language append on input line 44.
Package babel Info: Redefining spanish shorthand "!
(babel)             in language append on input line 44.
Package babel Info: Redefining spanish shorthand "?
(babel)             in language append on input line 44.
Package babel Info: Redefining spanish shorthand <<
(babel)             in language append on input line 44.
Package babel Info: Redefining spanish shorthand >>
(babel)             in language append on input line 44.
Package babel Info: Redefining spanish shorthand "=
(babel)             in language append on input line 44.
Package babel Info: Redefining spanish shorthand "~
(babel)             in language append on input line 44.
Package babel Info: Redefining spanish shorthand "!
(babel)             in language append on input line 44.
Package babel Info: Redefining spanish shorthand "?
(babel)             in language append on input line 44.
[3

])
LaTeX Info: Redefining \. on input line 494.
LaTeX Info: Redefining \% on input line 494.


Class memoir Warning: The material used in the headers is too large
(14.4521pt) for the given head height (13.6pt), it is recommended to
either increase the head height or redesign the header
(in both cases you will find help in the memoir manual). on input line 494.


Overfull \vbox (0.8521pt too high) has occurred while \output is active []

Package babel Info: Redefining spanish shorthand <<
(babel)             in language append on input line 494.
Package babel Info: Redefining spanish shorthand >>
(babel)             in language append on input line 494.
Package babel Info: Redefining spanish shorthand "=
(babel)             in language append on input line 494.
Package babel Info: Redefining spanish shorthand "~
(babel)             in language append on input line 494.
Package babel Info: Redefining spanish shorthand "!
(babel)             in language append on input line 494.
Package babel Info: Redefining spanish shorthand "?
(babel)             in language append on input line 494.
Package babel Info: Redefining spanish shorthand <<
(babel)             in language append on input line 494.
Package babel Info: Redefining spanish shorthand >>
(babel)             in language append on input line 494.
Package babel Info: Redefining spanish shorthand "=
(babel)             in language append on input line 494.
Package babel Info: Redefining spanish shorthand "~
(babel)             in language append on input line 494.
Package babel Info: Redefining spanish shorthand "!
(babel)             in language append on input line 494.
Package babel Info: Redefining spanish shorthand "?
(babel)             in language append on input line 494.

[4]
Package babel Info: Redefining spanish shorthand <<
(babel)             in language append on input line 497.
Package babel Info: Redefining spanish shorthand >>
(babel)             in language append on input line 497.
Package babel Info: Redefining spanish shorthand "=
(babel)             in language append on input line 497.
Package babel Info: Redefining spanish shorthand "~
(babel)             in language append on input line 497.
Package babel Info: Redefining spanish shorthand "!
(babel)             in language append on input line 497.
Package babel Info: Redefining spanish shorthand "?
(babel)             in language append on input line 497.
 (./memoria.lof
LaTeX Info: Redefining \. on input line 1.
LaTeX Info: Redefining \% on input line 1.
LaTeX Info: Redefining \. on input line 2.
LaTeX Info: Redefining \% on input line 2.
)
Package babel Info: Redefining spanish shorthand <<
(babel)             in language append on input line 498.
Package babel Info: Redefining spanish shorthand >>
(babel)             in language append on input line 498.
Package babel Info: Redefining spanish shorthand "=
(babel)             in language append on input line 498.
Package babel Info: Redefining spanish shorthand "~
(babel)             in language append on input line 498.
Package babel Info: Redefining spanish shorthand "!
(babel)             in language append on input line 498.
Package babel Info: Redefining spanish shorthand "?
(babel)             in language append on input line 498.
Package babel Info: Redefining spanish shorthand <<
(babel)             in language append on input line 498.
Package babel Info: Redefining spanish shorthand >>
(babel)             in language append on input line 498.
Package babel Info: Redefining spanish shorthand "=
(babel)             in language append on input line 498.
Package babel Info: Redefining spanish shorthand "~
(babel)             in language append on input line 498.
Package babel Info: Redefining spanish shorthand "!
(babel)             in language append on input line 498.
Package babel Info: Redefining spanish shorthand "?
(babel)             in language append on input line 498.
 [5

]
Package babel Info: Redefining spanish shorthand <<
(babel)             in language append on input line 501.
Package babel Info: Redefining spanish shorthand >>
(babel)             in language append on input line 501.
Package babel Info: Redefining spanish shorthand "=
(babel)             in language append on input line 501.
Package babel Info: Redefining spanish shorthand "~
(babel)             in language append on input line 501.
Package babel Info: Redefining spanish shorthand "!
(babel)             in language append on input line 501.
Package babel Info: Redefining spanish shorthand "?
(babel)             in language append on input line 501.
 (./memoria.lot
LaTeX Info: Redefining \. on input line 1.
LaTeX Info: Redefining \% on input line 1.
LaTeX Info: Redefining \. on input line 2.
LaTeX Info: Redefining \% on input line 2.
)
Package babel Info: Redefining spanish shorthand <<
(babel)             in language append on input line 501.
Package babel Info: Redefining spanish shorthand >>
(babel)             in language append on input line 501.
Package babel Info: Redefining spanish shorthand "=
(babel)             in language append on input line 501.
Package babel Info: Redefining spanish shorthand "~
(babel)             in language append on input line 501.
Package babel Info: Redefining spanish shorthand "!
(babel)             in language append on input line 501.
Package babel Info: Redefining spanish shorthand "?
(babel)             in language append on input line 501.
Package babel Info: Redefining spanish shorthand <<
(babel)             in language append on input line 501.
Package babel Info: Redefining spanish shorthand >>
(babel)             in language append on input line 501.
Package babel Info: Redefining spanish shorthand "=
(babel)             in language append on input line 501.
Package babel Info: Redefining spanish shorthand "~
(babel)             in language append on input line 501.
Package babel Info: Redefining spanish shorthand "!
(babel)             in language append on input line 501.
Package babel Info: Redefining spanish shorthand "?
(babel)             in language append on input line 501.
 [6

]
\openout2 = `./tex/1_Introduccion.aux'.

 (./tex/1_Introduccion.tex
Package babel Info: Redefining spanish shorthand <<
(babel)             in language append on input line 1.
Package babel Info: Redefining spanish shorthand >>
(babel)             in language append on input line 1.
Package babel Info: Redefining spanish shorthand "=
(babel)             in language append on input line 1.
Package babel Info: Redefining spanish shorthand "~
(babel)             in language append on input line 1.
Package babel Info: Redefining spanish shorthand "!
(babel)             in language append on input line 1.
Package babel Info: Redefining spanish shorthand "?
(babel)             in language append on input line 1.
Package babel Info: Redefining spanish shorthand <<
(babel)             in language append on input line 10.
Package babel Info: Redefining spanish shorthand >>
(babel)             in language append on input line 10.
Package babel Info: Redefining spanish shorthand "=
(babel)             in language append on input line 10.
Package babel Info: Redefining spanish shorthand "~
(babel)             in language append on input line 10.
Package babel Info: Redefining spanish shorthand "!
(babel)             in language append on input line 10.
Package babel Info: Redefining spanish shorthand "?
(babel)             in language append on input line 10.
Package babel Info: Redefining spanish shorthand <<
(babel)             in language append on input line 13.
Package babel Info: Redefining spanish shorthand >>
(babel)             in language append on input line 13.
Package babel Info: Redefining spanish shorthand "=
(babel)             in language append on input line 13.
Package babel Info: Redefining spanish shorthand "~
(babel)             in language append on input line 13.
Package babel Info: Redefining spanish shorthand "!
(babel)             in language append on input line 13.
Package babel Info: Redefining spanish shorthand "?
(babel)             in language append on input line 13.
Package babel Info: Redefining spanish shorthand <<
(babel)             in language append on input line 13.
Package babel Info: Redefining spanish shorthand >>
(babel)             in language append on input line 13.
Package babel Info: Redefining spanish shorthand "=
(babel)             in language append on input line 13.
Package babel Info: Redefining spanish shorthand "~
(babel)             in language append on input line 13.
Package babel Info: Redefining spanish shorthand "!
(babel)             in language append on input line 13.
Package babel Info: Redefining spanish shorthand "?
(babel)             in language append on input line 13.
pdfTeX warning (ext4): destination with the same identifier (name{page.1}) has 
been already used, duplicate ignored
<to be read again> 
                   \relax 
l.13 
      [1




]
Package babel Info: Redefining spanish shorthand <<
(babel)             in language append on input line 14.
Package babel Info: Redefining spanish shorthand >>
(babel)             in language append on input line 14.
Package babel Info: Redefining spanish shorthand "=
(babel)             in language append on input line 14.
Package babel Info: Redefining spanish shorthand "~
(babel)             in language append on input line 14.
Package babel Info: Redefining spanish shorthand "!
(babel)             in language append on input line 14.
Package babel Info: Redefining spanish shorthand "?
(babel)             in language append on input line 14.
)
LaTeX Info: Redefining \. on input line 504.
LaTeX Info: Redefining \% on input line 504.
Package babel Info: Redefining spanish shorthand <<
(babel)             in language append on input line 504.
Package babel Info: Redefining spanish shorthand >>
(babel)             in language append on input line 504.
Package babel Info: Redefining spanish shorthand "=
(babel)             in language append on input line 504.
Package babel Info: Redefining spanish shorthand "~
(babel)             in language append on input line 504.
Package babel Info: Redefining spanish shorthand "!
(babel)             in language append on input line 504.
Package babel Info: Redefining spanish shorthand "?
(babel)             in language append on input line 504.
Package babel Info: Redefining spanish shorthand <<
(babel)             in language append on input line 504.
Package babel Info: Redefining spanish shorthand >>
(babel)             in language append on input line 504.
Package babel Info: Redefining spanish shorthand "=
(babel)             in language append on input line 504.
Package babel Info: Redefining spanish shorthand "~
(babel)             in language append on input line 504.
Package babel Info: Redefining spanish shorthand "!
(babel)             in language append on input line 504.
Package babel Info: Redefining spanish shorthand "?
(babel)             in language append on input line 504.
pdfTeX warning (ext4): destination with the same identifier (name{page.2}) has 
been already used, duplicate ignored
<to be read again> 
                   \relax 
l.504 \include{./tex/1_Introduccion}
                                     [2]
\openout2 = `./tex/2_Objetivos_del_proyecto.aux'.

 (./tex/2_Objetivos_del_proyecto.tex
Package babel Info: Redefining spanish shorthand <<
(babel)             in language append on input line 1.
Package babel Info: Redefining spanish shorthand >>
(babel)             in language append on input line 1.
Package babel Info: Redefining spanish shorthand "=
(babel)             in language append on input line 1.
Package babel Info: Redefining spanish shorthand "~
(babel)             in language append on input line 1.
Package babel Info: Redefining spanish shorthand "!
(babel)             in language append on input line 1.
Package babel Info: Redefining spanish shorthand "?
(babel)             in language append on input line 1.
Package babel Info: Redefining spanish shorthand <<
(babel)             in language append on input line 5.
Package babel Info: Redefining spanish shorthand >>
(babel)             in language append on input line 5.
Package babel Info: Redefining spanish shorthand "=
(babel)             in language append on input line 5.
Package babel Info: Redefining spanish shorthand "~
(babel)             in language append on input line 5.
Package babel Info: Redefining spanish shorthand "!
(babel)             in language append on input line 5.
Package babel Info: Redefining spanish shorthand "?
(babel)             in language append on input line 5.
Package babel Info: Redefining spanish shorthand <<
(babel)             in language append on input line 17.
Package babel Info: Redefining spanish shorthand >>
(babel)             in language append on input line 17.
Package babel Info: Redefining spanish shorthand "=
(babel)             in language append on input line 17.
Package babel Info: Redefining spanish shorthand "~
(babel)             in language append on input line 17.
Package babel Info: Redefining spanish shorthand "!
(babel)             in language append on input line 17.
Package babel Info: Redefining spanish shorthand "?
(babel)             in language append on input line 17.
Package babel Info: Redefining spanish shorthand <<
(babel)             in language append on input line 33.
Package babel Info: Redefining spanish shorthand >>
(babel)             in language append on input line 33.
Package babel Info: Redefining spanish shorthand "=
(babel)             in language append on input line 33.
Package babel Info: Redefining spanish shorthand "~
(babel)             in language append on input line 33.
Package babel Info: Redefining spanish shorthand "!
(babel)             in language append on input line 33.
Package babel Info: Redefining spanish shorthand "?
(babel)             in language append on input line 33.
Package babel Info: Redefining spanish shorthand <<
(babel)             in language append on input line 38.
Package babel Info: Redefining spanish shorthand >>
(babel)             in language append on input line 38.
Package babel Info: Redefining spanish shorthand "=
(babel)             in language append on input line 38.
Package babel Info: Redefining spanish shorthand "~
(babel)             in language append on input line 38.
Package babel Info: Redefining spanish shorthand "!
(babel)             in language append on input line 38.
Package babel Info: Redefining spanish shorthand "?
(babel)             in language append on input line 38.
Package babel Info: Redefining spanish shorthand <<
(babel)             in language append on input line 38.
Package babel Info: Redefining spanish shorthand >>
(babel)             in language append on input line 38.
Package babel Info: Redefining spanish shorthand "=
(babel)             in language append on input line 38.
Package babel Info: Redefining spanish shorthand "~
(babel)             in language append on input line 38.
Package babel Info: Redefining spanish shorthand "!
(babel)             in language append on input line 38.
Package babel Info: Redefining spanish shorthand "?
(babel)             in language append on input line 38.
pdfTeX warning (ext4): destination with the same identifier (name{page.3}) has 
been already used, duplicate ignored
<to be read again> 
                   \relax 
l.38  E
       l diseo e implementacin de una aplicacin web, realizada con \em...
[3



]
Package babel Info: Redefining spanish shorthand <<
(babel)             in language append on input line 50.
Package babel Info: Redefining spanish shorthand >>
(babel)             in language append on input line 50.
Package babel Info: Redefining spanish shorthand "=
(babel)             in language append on input line 50.
Package babel Info: Redefining spanish shorthand "~
(babel)             in language append on input line 50.
Package babel Info: Redefining spanish shorthand "!
(babel)             in language append on input line 50.
Package babel Info: Redefining spanish shorthand "?
(babel)             in language append on input line 50.
Package babel Info: Redefining spanish shorthand <<
(babel)             in language append on input line 62.
Package babel Info: Redefining spanish shorthand >>
(babel)             in language append on input line 62.
Package babel Info: Redefining spanish shorthand "=
(babel)             in language append on input line 62.
Package babel Info: Redefining spanish shorthand "~
(babel)             in language append on input line 62.
Package babel Info: Redefining spanish shorthand "!
(babel)             in language append on input line 62.
Package babel Info: Redefining spanish shorthand "?
(babel)             in language append on input line 62.
)
LaTeX Info: Redefining \. on input line 505.
LaTeX Info: Redefining \% on input line 505.
Package babel Info: Redefining spanish shorthand <<
(babel)             in language append on input line 505.
Package babel Info: Redefining spanish shorthand >>
(babel)             in language append on input line 505.
Package babel Info: Redefining spanish shorthand "=
(babel)             in language append on input line 505.
Package babel Info: Redefining spanish shorthand "~
(babel)             in language append on input line 505.
Package babel Info: Redefining spanish shorthand "!
(babel)             in language append on input line 505.
Package babel Info: Redefining spanish shorthand "?
(babel)             in language append on input line 505.
Package babel Info: Redefining spanish shorthand <<
(babel)             in language append on input line 505.
Package babel Info: Redefining spanish shorthand >>
(babel)             in language append on input line 505.
Package babel Info: Redefining spanish shorthand "=
(babel)             in language append on input line 505.
Package babel Info: Redefining spanish shorthand "~
(babel)             in language append on input line 505.
Package babel Info: Redefining spanish shorthand "!
(babel)             in language append on input line 505.
Package babel Info: Redefining spanish shorthand "?
(babel)             in language append on input line 505.
pdfTeX warning (ext4): destination with the same identifier (name{page.4}) has 
been already used, duplicate ignored
<to be read again> 
                   \relax 
l.505 \include{./tex/2_Objetivos_del_proyecto}
                                               [4]
\openout2 = `./tex/3_Conceptos_teoricos.aux'.


(./tex/3_Conceptos_teoricos.tex
Package babel Info: Redefining spanish shorthand <<
(babel)             in language append on input line 1.
Package babel Info: Redefining spanish shorthand >>
(babel)             in language append on input line 1.
Package babel Info: Redefining spanish shorthand "=
(babel)             in language append on input line 1.
Package babel Info: Redefining spanish shorthand "~
(babel)             in language append on input line 1.
Package babel Info: Redefining spanish shorthand "!
(babel)             in language append on input line 1.
Package babel Info: Redefining spanish shorthand "?
(babel)             in language append on input line 1.
Package babel Info: Redefining spanish shorthand <<
(babel)             in language append on input line 4.
Package babel Info: Redefining spanish shorthand >>
(babel)             in language append on input line 4.
Package babel Info: Redefining spanish shorthand "=
(babel)             in language append on input line 4.
Package babel Info: Redefining spanish shorthand "~
(babel)             in language append on input line 4.
Package babel Info: Redefining spanish shorthand "!
(babel)             in language append on input line 4.
Package babel Info: Redefining spanish shorthand "?
(babel)             in language append on input line 4.


LaTeX Warning: Citation `https://g.co/kgs/VLR4mn' on page 5 undefined on input 
line 7.

<./img/meanjs.png, id=532, 1027.84pt x 493.845pt>
File: ./img/meanjs.png Graphic file (type png)
 <use ./img/meanjs.png>
Package pdftex.def Info: ./img/meanjs.png used on input line 9.
(pdftex.def)             Requested size: 332.09775pt x 159.56332pt.


LaTeX Warning: `!h' float specifier changed to `!ht'.

Package babel Info: Redefining spanish shorthand <<
(babel)             in language append on input line 9.
Package babel Info: Redefining spanish shorthand >>
(babel)             in language append on input line 9.
Package babel Info: Redefining spanish shorthand "=
(babel)             in language append on input line 9.
Package babel Info: Redefining spanish shorthand "~
(babel)             in language append on input line 9.
Package babel Info: Redefining spanish shorthand "!
(babel)             in language append on input line 9.
Package babel Info: Redefining spanish shorthand "?
(babel)             in language append on input line 9.
Package babel Info: Redefining spanish shorthand <<
(babel)             in language append on input line 9.
Package babel Info: Redefining spanish shorthand >>
(babel)             in language append on input line 9.
Package babel Info: Redefining spanish shorthand "=
(babel)             in language append on input line 9.
Package babel Info: Redefining spanish shorthand "~
(babel)             in language append on input line 9.
Package babel Info: Redefining spanish shorthand "!
(babel)             in language append on input line 9.
Package babel Info: Redefining spanish shorthand "?
(babel)             in language append on input line 9.
[5



]
Package babel Info: Redefining spanish shorthand <<
(babel)             in language append on input line 17.
Package babel Info: Redefining spanish shorthand >>
(babel)             in language append on input line 17.
Package babel Info: Redefining spanish shorthand "=
(babel)             in language append on input line 17.
Package babel Info: Redefining spanish shorthand "~
(babel)             in language append on input line 17.
Package babel Info: Redefining spanish shorthand "!
(babel)             in language append on input line 17.
Package babel Info: Redefining spanish shorthand "?
(babel)             in language append on input line 17.
LaTeX Info: Redefining \. on input line 21.
LaTeX Info: Redefining \% on input line 21.
Package babel Info: Redefining spanish shorthand <<
(babel)             in language append on input line 21.
Package babel Info: Redefining spanish shorthand >>
(babel)             in language append on input line 21.
Package babel Info: Redefining spanish shorthand "=
(babel)             in language append on input line 21.
Package babel Info: Redefining spanish shorthand "~
(babel)             in language append on input line 21.
Package babel Info: Redefining spanish shorthand "!
(babel)             in language append on input line 21.
Package babel Info: Redefining spanish shorthand "?
(babel)             in language append on input line 21.
Package babel Info: Redefining spanish shorthand <<
(babel)             in language append on input line 21.
Package babel Info: Redefining spanish shorthand >>
(babel)             in language append on input line 21.
Package babel Info: Redefining spanish shorthand "=
(babel)             in language append on input line 21.
Package babel Info: Redefining spanish shorthand "~
(babel)             in language append on input line 21.
Package babel Info: Redefining spanish shorthand "!
(babel)             in language append on input line 21.
Package babel Info: Redefining spanish shorthand "?
(babel)             in language append on input line 21.
 [6 <./img/meanjs.png>] <./img/uxschema.jpg, id=541, 1072.005pt x 538.01pt>
File: ./img/uxschema.jpg Graphic file (type jpg)

<use ./img/uxschema.jpg>
Package pdftex.def Info: ./img/uxschema.jpg used on input line 22.
(pdftex.def)             Requested size: 332.09775pt x 166.66644pt.
Package babel Info: Redefining spanish shorthand <<
(babel)             in language append on input line 31.
Package babel Info: Redefining spanish shorthand >>
(babel)             in language append on input line 31.
Package babel Info: Redefining spanish shorthand "=
(babel)             in language append on input line 31.
Package babel Info: Redefining spanish shorthand "~
(babel)             in language append on input line 31.
Package babel Info: Redefining spanish shorthand "!
(babel)             in language append on input line 31.
Package babel Info: Redefining spanish shorthand "?
(babel)             in language append on input line 31.
Package babel Info: Redefining spanish shorthand <<
(babel)             in language append on input line 34.
Package babel Info: Redefining spanish shorthand >>
(babel)             in language append on input line 34.
Package babel Info: Redefining spanish shorthand "=
(babel)             in language append on input line 34.
Package babel Info: Redefining spanish shorthand "~
(babel)             in language append on input line 34.
Package babel Info: Redefining spanish shorthand "!
(babel)             in language append on input line 34.
Package babel Info: Redefining spanish shorthand "?
(babel)             in language append on input line 34.
Package babel Info: Redefining spanish shorthand <<
(babel)             in language append on input line 45.
Package babel Info: Redefining spanish shorthand >>
(babel)             in language append on input line 45.
Package babel Info: Redefining spanish shorthand "=
(babel)             in language append on input line 45.
Package babel Info: Redefining spanish shorthand "~
(babel)             in language append on input line 45.
Package babel Info: Redefining spanish shorthand "!
(babel)             in language append on input line 45.
Package babel Info: Redefining spanish shorthand "?
(babel)             in language append on input line 45.
LaTeX Info: Redefining \. on input line 53.
LaTeX Info: Redefining \% on input line 53.
Package babel Info: Redefining spanish shorthand <<
(babel)             in language append on input line 53.
Package babel Info: Redefining spanish shorthand >>
(babel)             in language append on input line 53.
Package babel Info: Redefining spanish shorthand "=
(babel)             in language append on input line 53.
Package babel Info: Redefining spanish shorthand "~
(babel)             in language append on input line 53.
Package babel Info: Redefining spanish shorthand "!
(babel)             in language append on input line 53.
Package babel Info: Redefining spanish shorthand "?
(babel)             in language append on input line 53.
Package babel Info: Redefining spanish shorthand <<
(babel)             in language append on input line 53.
Package babel Info: Redefining spanish shorthand >>
(babel)             in language append on input line 53.
Package babel Info: Redefining spanish shorthand "=
(babel)             in language append on input line 53.
Package babel Info: Redefining spanish shorthand "~
(babel)             in language append on input line 53.
Package babel Info: Redefining spanish shorthand "!
(babel)             in language append on input line 53.
Package babel Info: Redefining spanish shorthand "?
(babel)             in language append on input line 53.
 [7 <./img/uxschema.jpg>]
Package babel Info: Redefining spanish shorthand <<
(babel)             in language append on input line 58.
Package babel Info: Redefining spanish shorthand >>
(babel)             in language append on input line 58.
Package babel Info: Redefining spanish shorthand "=
(babel)             in language append on input line 58.
Package babel Info: Redefining spanish shorthand "~
(babel)             in language append on input line 58.
Package babel Info: Redefining spanish shorthand "!
(babel)             in language append on input line 58.
Package babel Info: Redefining spanish shorthand "?
(babel)             in language append on input line 58.


LaTeX Warning: Citation `wiki:latex' on page 8 undefined on input line 60.


LaTeX Warning: Citation `koza92' on page 8 undefined on input line 60.

Package babel Info: Redefining spanish shorthand <<
(babel)             in language append on input line 63.
Package babel Info: Redefining spanish shorthand >>
(babel)             in language append on input line 63.
Package babel Info: Redefining spanish shorthand "=
(babel)             in language append on input line 63.
Package babel Info: Redefining spanish shorthand "~
(babel)             in language append on input line 63.
Package babel Info: Redefining spanish shorthand "!
(babel)             in language append on input line 63.
Package babel Info: Redefining spanish shorthand "?
(babel)             in language append on input line 63.
File: ./img/escudoInfor.pdf Graphic file (type pdf)
<use ./img/escudoInfor.pdf>
Package pdftex.def Info: ./img/escudoInfor.pdf used on input line 67.
(pdftex.def)             Requested size: 332.09775pt x 396.02382pt.


LaTeX Warning: `!h' float specifier changed to `!ht'.

LaTeX Info: Redefining \. on input line 67.
LaTeX Info: Redefining \% on input line 67.
Package babel Info: Redefining spanish shorthand <<
(babel)             in language append on input line 67.
Package babel Info: Redefining spanish shorthand >>
(babel)             in language append on input line 67.
Package babel Info: Redefining spanish shorthand "=
(babel)             in language append on input line 67.
Package babel Info: Redefining spanish shorthand "~
(babel)             in language append on input line 67.
Package babel Info: Redefining spanish shorthand "!
(babel)             in language append on input line 67.
Package babel Info: Redefining spanish shorthand "?
(babel)             in language append on input line 67.
Package babel Info: Redefining spanish shorthand <<
(babel)             in language append on input line 67.
Package babel Info: Redefining spanish shorthand >>
(babel)             in language append on input line 67.
Package babel Info: Redefining spanish shorthand "=
(babel)             in language append on input line 67.
Package babel Info: Redefining spanish shorthand "~
(babel)             in language append on input line 67.
Package babel Info: Redefining spanish shorthand "!
(babel)             in language append on input line 67.
Package babel Info: Redefining spanish shorthand "?
(babel)             in language append on input line 67.
[8]
Package babel Info: Redefining spanish shorthand <<
(babel)             in language append on input line 71.
Package babel Info: Redefining spanish shorthand >>
(babel)             in language append on input line 71.
Package babel Info: Redefining spanish shorthand "=
(babel)             in language append on input line 71.
Package babel Info: Redefining spanish shorthand "~
(babel)             in language append on input line 71.
Package babel Info: Redefining spanish shorthand "!
(babel)             in language append on input line 71.
Package babel Info: Redefining spanish shorthand "?
(babel)             in language append on input line 71.
LaTeX Info: Redefining \. on input line 87.
LaTeX Info: Redefining \% on input line 87.
Package babel Info: Redefining spanish shorthand <<
(babel)             in language append on input line 87.
Package babel Info: Redefining spanish shorthand >>
(babel)             in language append on input line 87.
Package babel Info: Redefining spanish shorthand "=
(babel)             in language append on input line 87.
Package babel Info: Redefining spanish shorthand "~
(babel)             in language append on input line 87.
Package babel Info: Redefining spanish shorthand "!
(babel)             in language append on input line 87.
Package babel Info: Redefining spanish shorthand "?
(babel)             in language append on input line 87.
Package babel Info: Redefining spanish shorthand <<
(babel)             in language append on input line 87.
Package babel Info: Redefining spanish shorthand >>
(babel)             in language append on input line 87.
Package babel Info: Redefining spanish shorthand "=
(babel)             in language append on input line 87.
Package babel Info: Redefining spanish shorthand "~
(babel)             in language append on input line 87.
Package babel Info: Redefining spanish shorthand "!
(babel)             in language append on input line 87.
Package babel Info: Redefining spanish shorthand "?
(babel)             in language append on input line 87.
 [9]
Package babel Info: Redefining spanish shorthand <<
(babel)             in language append on input line 94.
Package babel Info: Redefining spanish shorthand >>
(babel)             in language append on input line 94.
Package babel Info: Redefining spanish shorthand "=
(babel)             in language append on input line 94.
Package babel Info: Redefining spanish shorthand "~
(babel)             in language append on input line 94.
Package babel Info: Redefining spanish shorthand "!
(babel)             in language append on input line 94.
Package babel Info: Redefining spanish shorthand "?
(babel)             in language append on input line 94.
)
LaTeX Info: Redefining \. on input line 506.
LaTeX Info: Redefining \% on input line 506.
Package babel Info: Redefining spanish shorthand <<
(babel)             in language append on input line 506.
Package babel Info: Redefining spanish shorthand >>
(babel)             in language append on input line 506.
Package babel Info: Redefining spanish shorthand "=
(babel)             in language append on input line 506.
Package babel Info: Redefining spanish shorthand "~
(babel)             in language append on input line 506.
Package babel Info: Redefining spanish shorthand "!
(babel)             in language append on input line 506.
Package babel Info: Redefining spanish shorthand "?
(babel)             in language append on input line 506.
Package babel Info: Redefining spanish shorthand <<
(babel)             in language append on input line 506.
Package babel Info: Redefining spanish shorthand >>
(babel)             in language append on input line 506.
Package babel Info: Redefining spanish shorthand "=
(babel)             in language append on input line 506.
Package babel Info: Redefining spanish shorthand "~
(babel)             in language append on input line 506.
Package babel Info: Redefining spanish shorthand "!
(babel)             in language append on input line 506.
Package babel Info: Redefining spanish shorthand "?
(babel)             in language append on input line 506.
 [10]
\openout2 = `./tex/4_Tecnicas_y_herramientas.aux'.

 (./tex/4_Tecnicas_y_herramientas.tex
Package babel Info: Redefining spanish shorthand <<
(babel)             in language append on input line 1.
Package babel Info: Redefining spanish shorthand >>
(babel)             in language append on input line 1.
Package babel Info: Redefining spanish shorthand "=
(babel)             in language append on input line 1.
Package babel Info: Redefining spanish shorthand "~
(babel)             in language append on input line 1.
Package babel Info: Redefining spanish shorthand "!
(babel)             in language append on input line 1.
Package babel Info: Redefining spanish shorthand "?
(babel)             in language append on input line 1.
Package babel Info: Redefining spanish shorthand <<
(babel)             in language append on input line 10.
Package babel Info: Redefining spanish shorthand >>
(babel)             in language append on input line 10.
Package babel Info: Redefining spanish shorthand "=
(babel)             in language append on input line 10.
Package babel Info: Redefining spanish shorthand "~
(babel)             in language append on input line 10.
Package babel Info: Redefining spanish shorthand "!
(babel)             in language append on input line 10.
Package babel Info: Redefining spanish shorthand "?
(babel)             in language append on input line 10.
Package babel Info: Redefining spanish shorthand <<
(babel)             in language append on input line 16.
Package babel Info: Redefining spanish shorthand >>
(babel)             in language append on input line 16.
Package babel Info: Redefining spanish shorthand "=
(babel)             in language append on input line 16.
Package babel Info: Redefining spanish shorthand "~
(babel)             in language append on input line 16.
Package babel Info: Redefining spanish shorthand "!
(babel)             in language append on input line 16.
Package babel Info: Redefining spanish shorthand "?
(babel)             in language append on input line 16.
Package babel Info: Redefining spanish shorthand <<
(babel)             in language append on input line 16.
Package babel Info: Redefining spanish shorthand >>
(babel)             in language append on input line 16.
Package babel Info: Redefining spanish shorthand "=
(babel)             in language append on input line 16.
Package babel Info: Redefining spanish shorthand "~
(babel)             in language append on input line 16.
Package babel Info: Redefining spanish shorthand "!
(babel)             in language append on input line 16.
Package babel Info: Redefining spanish shorthand "?
(babel)             in language append on input line 16.
 [11



]
<./img/logo-atom.jpg, id=572, 602.25pt x 235.88126pt>
File: ./img/logo-atom.jpg Graphic file (type jpg)

<use ./img/logo-atom.jpg>
Package pdftex.def Info: ./img/logo-atom.jpg used on input line 17.
(pdftex.def)             Requested size: 332.09775pt x 130.07701pt.

<./img/logo-robomongo.png, id=575, 1027.84pt x 1027.84pt>
File: ./img/logo-robomongo.png Graphic file (type png)

<use ./img/logo-robomongo.png>
Package pdftex.def Info: ./img/logo-robomongo.png used on input line 25.
(pdftex.def)             Requested size: 332.09775pt x 332.09927pt.
LaTeX Info: Redefining \. on input line 25.
LaTeX Info: Redefining \% on input line 25.
Package babel Info: Redefining spanish shorthand <<
(babel)             in language append on input line 25.
Package babel Info: Redefining spanish shorthand >>
(babel)             in language append on input line 25.
Package babel Info: Redefining spanish shorthand "=
(babel)             in language append on input line 25.
Package babel Info: Redefining spanish shorthand "~
(babel)             in language append on input line 25.
Package babel Info: Redefining spanish shorthand "!
(babel)             in language append on input line 25.
Package babel Info: Redefining spanish shorthand "?
(babel)             in language append on input line 25.
Package babel Info: Redefining spanish shorthand <<
(babel)             in language append on input line 25.
Package babel Info: Redefining spanish shorthand >>
(babel)             in language append on input line 25.
Package babel Info: Redefining spanish shorthand "=
(babel)             in language append on input line 25.
Package babel Info: Redefining spanish shorthand "~
(babel)             in language append on input line 25.
Package babel Info: Redefining spanish shorthand "!
(babel)             in language append on input line 25.
Package babel Info: Redefining spanish shorthand "?
(babel)             in language append on input line 25.
 [12 <./img/logo-atom.jpg>]
<./img/logo-postman.png, id=589, 513.92pt x 513.92pt>
File: ./img/logo-postman.png Graphic file (type png)

<use ./img/logo-postman.png>
Package pdftex.def Info: ./img/logo-postman.png used on input line 36.
(pdftex.def)             Requested size: 332.09775pt x 332.09927pt.


LaTeX Warning: `!h' float specifier changed to `!ht'.

LaTeX Info: Redefining \. on input line 36.
LaTeX Info: Redefining \% on input line 36.
Package babel Info: Redefining spanish shorthand <<
(babel)             in language append on input line 36.
Package babel Info: Redefining spanish shorthand >>
(babel)             in language append on input line 36.
Package babel Info: Redefining spanish shorthand "=
(babel)             in language append on input line 36.
Package babel Info: Redefining spanish shorthand "~
(babel)             in language append on input line 36.
Package babel Info: Redefining spanish shorthand "!
(babel)             in language append on input line 36.
Package babel Info: Redefining spanish shorthand "?
(babel)             in language append on input line 36.
Package babel Info: Redefining spanish shorthand <<
(babel)             in language append on input line 36.
Package babel Info: Redefining spanish shorthand >>
(babel)             in language append on input line 36.
Package babel Info: Redefining spanish shorthand "=
(babel)             in language append on input line 36.
Package babel Info: Redefining spanish shorthand "~
(babel)             in language append on input line 36.
Package babel Info: Redefining spanish shorthand "!
(babel)             in language append on input line 36.
Package babel Info: Redefining spanish shorthand "?
(babel)             in language append on input line 36.
[13 <./img/logo-robomongo.png>]
<./img/logo-angular.png, id=600, 369.38pt x 369.38pt>
File: ./img/logo-angular.png Graphic file (type png)

<use ./img/logo-angular.png>
Package pdftex.def Info: ./img/logo-angular.png used on input line 46.
(pdftex.def)             Requested size: 332.09775pt x 332.10074pt.


LaTeX Warning: `!h' float specifier changed to `!ht'.

LaTeX Info: Redefining \. on input line 46.
LaTeX Info: Redefining \% on input line 46.
Package babel Info: Redefining spanish shorthand <<
(babel)             in language append on input line 46.
Package babel Info: Redefining spanish shorthand >>
(babel)             in language append on input line 46.
Package babel Info: Redefining spanish shorthand "=
(babel)             in language append on input line 46.
Package babel Info: Redefining spanish shorthand "~
(babel)             in language append on input line 46.
Package babel Info: Redefining spanish shorthand "!
(babel)             in language append on input line 46.
Package babel Info: Redefining spanish shorthand "?
(babel)             in language append on input line 46.
Package babel Info: Redefining spanish shorthand <<
(babel)             in language append on input line 46.
Package babel Info: Redefining spanish shorthand >>
(babel)             in language append on input line 46.
Package babel Info: Redefining spanish shorthand "=
(babel)             in language append on input line 46.
Package babel Info: Redefining spanish shorthand "~
(babel)             in language append on input line 46.
Package babel Info: Redefining spanish shorthand "!
(babel)             in language append on input line 46.
Package babel Info: Redefining spanish shorthand "?
(babel)             in language append on input line 46.
[14 <./img/logo-postman.png>])
LaTeX Info: Redefining \. on input line 507.
LaTeX Info: Redefining \% on input line 507.
Package babel Info: Redefining spanish shorthand <<
(babel)             in language append on input line 507.
Package babel Info: Redefining spanish shorthand >>
(babel)             in language append on input line 507.
Package babel Info: Redefining spanish shorthand "=
(babel)             in language append on input line 507.
Package babel Info: Redefining spanish shorthand "~
(babel)             in language append on input line 507.
Package babel Info: Redefining spanish shorthand "!
(babel)             in language append on input line 507.
Package babel Info: Redefining spanish shorthand "?
(babel)             in language append on input line 507.
Package babel Info: Redefining spanish shorthand <<
(babel)             in language append on input line 507.
Package babel Info: Redefining spanish shorthand >>
(babel)             in language append on input line 507.
Package babel Info: Redefining spanish shorthand "=
(babel)             in language append on input line 507.
Package babel Info: Redefining spanish shorthand "~
(babel)             in language append on input line 507.
Package babel Info: Redefining spanish shorthand "!
(babel)             in language append on input line 507.
Package babel Info: Redefining spanish shorthand "?
(babel)             in language append on input line 507.
 [15 <./img/logo-angular.png>]
\openout2 = `./tex/5_Aspectos_relevantes_del_desarrollo_del_proyecto.aux'.


(./tex/5_Aspectos_relevantes_del_desarrollo_del_proyecto.tex
Package babel Info: Redefining spanish shorthand <<
(babel)             in language append on input line 1.
Package babel Info: Redefining spanish shorthand >>
(babel)             in language append on input line 1.
Package babel Info: Redefining spanish shorthand "=
(babel)             in language append on input line 1.
Package babel Info: Redefining spanish shorthand "~
(babel)             in language append on input line 1.
Package babel Info: Redefining spanish shorthand "!
(babel)             in language append on input line 1.
Package babel Info: Redefining spanish shorthand "?
(babel)             in language append on input line 1.
)
Package babel Info: Redefining spanish shorthand <<
(babel)             in language append on input line 508.
Package babel Info: Redefining spanish shorthand >>
(babel)             in language append on input line 508.
Package babel Info: Redefining spanish shorthand "=
(babel)             in language append on input line 508.
Package babel Info: Redefining spanish shorthand "~
(babel)             in language append on input line 508.
Package babel Info: Redefining spanish shorthand "!
(babel)             in language append on input line 508.
Package babel Info: Redefining spanish shorthand "?
(babel)             in language append on input line 508.
Package babel Info: Redefining spanish shorthand <<
(babel)             in language append on input line 508.
Package babel Info: Redefining spanish shorthand >>
(babel)             in language append on input line 508.
Package babel Info: Redefining spanish shorthand "=
(babel)             in language append on input line 508.
Package babel Info: Redefining spanish shorthand "~
(babel)             in language append on input line 508.
Package babel Info: Redefining spanish shorthand "!
(babel)             in language append on input line 508.
Package babel Info: Redefining spanish shorthand "?
(babel)             in language append on input line 508.
 [16



]
\openout2 = `./tex/6_Trabajos_relacionados.aux'.


(./tex/6_Trabajos_relacionados.tex
Package babel Info: Redefining spanish shorthand <<
(babel)             in language append on input line 1.
Package babel Info: Redefining spanish shorthand >>
(babel)             in language append on input line 1.
Package babel Info: Redefining spanish shorthand "=
(babel)             in language append on input line 1.
Package babel Info: Redefining spanish shorthand "~
(babel)             in language append on input line 1.
Package babel Info: Redefining spanish shorthand "!
(babel)             in language append on input line 1.
Package babel Info: Redefining spanish shorthand "?
(babel)             in language append on input line 1.
)
Package babel Info: Redefining spanish shorthand <<
(babel)             in language append on input line 509.
Package babel Info: Redefining spanish shorthand >>
(babel)             in language append on input line 509.
Package babel Info: Redefining spanish shorthand "=
(babel)             in language append on input line 509.
Package babel Info: Redefining spanish shorthand "~
(babel)             in language append on input line 509.
Package babel Info: Redefining spanish shorthand "!
(babel)             in language append on input line 509.
Package babel Info: Redefining spanish shorthand "?
(babel)             in language append on input line 509.
Package babel Info: Redefining spanish shorthand <<
(babel)             in language append on input line 509.
Package babel Info: Redefining spanish shorthand >>
(babel)             in language append on input line 509.
Package babel Info: Redefining spanish shorthand "=
(babel)             in language append on input line 509.
Package babel Info: Redefining spanish shorthand "~
(babel)             in language append on input line 509.
Package babel Info: Redefining spanish shorthand "!
(babel)             in language append on input line 509.
Package babel Info: Redefining spanish shorthand "?
(babel)             in language append on input line 509.
 [17



]
\openout2 = `./tex/7_Conclusiones_Lineas_de_trabajo_futuras.aux'.


(./tex/7_Conclusiones_Lineas_de_trabajo_futuras.tex
Package babel Info: Redefining spanish shorthand <<
(babel)             in language append on input line 1.
Package babel Info: Redefining spanish shorthand >>
(babel)             in language append on input line 1.
Package babel Info: Redefining spanish shorthand "=
(babel)             in language append on input line 1.
Package babel Info: Redefining spanish shorthand "~
(babel)             in language append on input line 1.
Package babel Info: Redefining spanish shorthand "!
(babel)             in language append on input line 1.
Package babel Info: Redefining spanish shorthand "?
(babel)             in language append on input line 1.
)
Package babel Info: Redefining spanish shorthand <<
(babel)             in language append on input line 510.
Package babel Info: Redefining spanish shorthand >>
(babel)             in language append on input line 510.
Package babel Info: Redefining spanish shorthand "=
(babel)             in language append on input line 510.
Package babel Info: Redefining spanish shorthand "~
(babel)             in language append on input line 510.
Package babel Info: Redefining spanish shorthand "!
(babel)             in language append on input line 510.
Package babel Info: Redefining spanish shorthand "?
(babel)             in language append on input line 510.
Package babel Info: Redefining spanish shorthand <<
(babel)             in language append on input line 510.
Package babel Info: Redefining spanish shorthand >>
(babel)             in language append on input line 510.
Package babel Info: Redefining spanish shorthand "=
(babel)             in language append on input line 510.
Package babel Info: Redefining spanish shorthand "~
(babel)             in language append on input line 510.
Package babel Info: Redefining spanish shorthand "!
(babel)             in language append on input line 510.
Package babel Info: Redefining spanish shorthand "?
(babel)             in language append on input line 510.
 [18



]
No file memoria.bbl.

Class memoir Warning: The material used in the headers is too large
(14.4521pt) for the given head height (13.6pt), it is recommended to
either increase the head height or redesign the header
(in both cases you will find help in the memoir manual). on input line 516.

\tf@toc=\write5
\openout5 = `memoria.toc'.

\tf@lof=\write6
\openout6 = `memoria.lof'.

\tf@lot=\write7
\openout7 = `memoria.lot'.

Package atveryend Info: Empty hook `BeforeClearDocument' on input line 516.
Package atveryend Info: Empty hook `AfterLastShipout' on input line 516.
(./memoria.aux
LaTeX Info: Redefining \. on input line 24.
LaTeX Info: Redefining \% on input line 24.
LaTeX Info: Redefining \. on input line 28.
LaTeX Info: Redefining \% on input line 28.
 (./tex/1_Introduccion.aux) (./tex/2_Objetivos_del_proyecto.aux)
(./tex/3_Conceptos_teoricos.aux) (./tex/4_Tecnicas_y_herramientas.aux)
(./tex/5_Aspectos_relevantes_del_desarrollo_del_proyecto.aux)
(./tex/6_Trabajos_relacionados.aux)
(./tex/7_Conclusiones_Lineas_de_trabajo_futuras.aux))
Package atveryend Info: Executing hook `AtVeryEndDocument' on input line 516.
Package atveryend Info: Executing hook `AtEndAfterFileList' on input line 516.
Package rerunfilecheck Info: File `memoria.out' has not changed.
(rerunfilecheck)             Checksum: 483690CC5F472DBFBC6555518DC7CCEF;1712.


LaTeX Font Warning: Some font shapes were not available, defaults substituted.


LaTeX Warning: There were undefined references.


LaTeX Warning: There were multiply-defined labels.

Package atveryend Info: Empty hook `AtVeryVeryEnd' on input line 516.
 ) 
Here is how much of TeX's memory you used:
 11546 strings out of 493014
 163390 string characters out of 6133352
 313217 words of memory out of 5000000
 14815 multiletter control sequences out of 15000+600000
 12945 words of font info for 45 fonts, out of 8000000 for 9000
 1141 hyphenation exceptions out of 8191
 43i,12n,40p,1100b,678s stack positions out of 5000i,500n,10000p,200000b,80000s
pdfTeX warning (dest): name{https://es.wikipedia.org/wiki/Single-page_applica
tion} has been referenced but does not exist, replaced by a fixed one

pdfTeX warning (dest): name{https://angular.io} has been referenced but does no
t exist, replaced by a fixed one

pdfTeX warning (dest): name{https://es.wikipedia.org/wiki/Transferencia_de_Esta
do_Representacional} has been referenced but does not exist, replaced by a fixe
d one

pdfTeX warning (dest): name{https://www.getpostman.com} has been referenced but
 does not exist, replaced by a fixed one

pdfTeX warning (dest): name{http://http//robomongo.org/} has been referenced bu
t does not exist, replaced by a fixed one

pdfTeX warning (dest): name{http://brackets.io/} has been referenced but does n
ot exist, replaced by a fixed one

pdfTeX warning (dest): name{https://atom.io/} has been referenced but does not 
exist, replaced by a fixed one

</usr/local/texlive/2016/texmf-dist/fonts/type1/public/amsfonts/cm/cmbx10.pfb><
/usr/local/texlive/2016/texmf-dist/fonts/type1/public/amsfonts/cm/cmbx12.pfb></
usr/local/texlive/2016/texmf-dist/fonts/type1/public/amsfonts/cm/cmbx8.pfb></us
r/local/texlive/2016/texmf-dist/fonts/type1/public/amsfonts/cm/cmcsc10.pfb></us
r/local/texlive/2016/texmf-dist/fonts/type1/public/amsfonts/cm/cmr10.pfb></usr/
local/texlive/2016/texmf-dist/fonts/type1/public/amsfonts/cm/cmr12.pfb></usr/lo
cal/texlive/2016/texmf-dist/fonts/type1/public/amsfonts/cm/cmr17.pfb></usr/loca
l/texlive/2016/texmf-dist/fonts/type1/public/amsfonts/cm/cmr8.pfb></usr/local/t
exlive/2016/texmf-dist/fonts/type1/public/amsfonts/cm/cmsl10.pfb></usr/local/te
xlive/2016/texmf-dist/fonts/type1/public/amsfonts/cm/cmssbx10.pfb></usr/local/t
exlive/2016/texmf-dist/fonts/type1/public/amsfonts/cm/cmti10.pfb>
Output written on memoria.pdf (28 pages, 652383 bytes).
PDF statistics:
 693 PDF objects out of 1000 (max. 8388607)
 624 compressed objects within 7 object streams
 85 named destinations out of 1000 (max. 500000)
 257 words of extra memory for PDF output out of 10000 (max. 10000000)

