\BOOKMARK [0][-]{section*.1}{\315ndice general}{}% 1
\BOOKMARK [0][-]{section*.2}{\315ndice de figuras}{}% 2
\BOOKMARK [0][-]{section*.3}{\315ndice de tablas}{}% 3
\BOOKMARK [0][-]{chapter*.4}{Introducci\363n}{}% 4
\BOOKMARK [1][-]{section.1.1}{Motivacion}{chapter*.4}% 5
\BOOKMARK [1][-]{section.1.2}{Estructura de la memoria}{chapter*.4}% 6
\BOOKMARK [0][-]{chapter*.5}{Objetivos del proyecto}{}% 7
\BOOKMARK [1][-]{section.2.1}{Objetivos generales}{chapter*.5}% 8
\BOOKMARK [1][-]{section.2.2}{Objetivos t\351cnicos}{chapter*.5}% 9
\BOOKMARK [1][-]{section.2.3}{Objetivos personales}{chapter*.5}% 10
\BOOKMARK [1][-]{section.2.4}{Objetivos alcanzados}{chapter*.5}% 11
\BOOKMARK [0][-]{chapter*.6}{Conceptos te\363ricos}{}% 12
\BOOKMARK [1][-]{section.3.1}{Introducci\363n}{chapter*.6}% 13
\BOOKMARK [1][-]{section.3.2}{Concepto general del proyecto}{chapter*.6}% 14
\BOOKMARK [1][-]{section.3.3}{An\341lisis del sistema: MVC}{chapter*.6}% 15
\BOOKMARK [1][-]{section.3.4}{Arquitectura}{chapter*.6}% 16
\BOOKMARK [0][-]{chapter*.7}{T\351cnicas y herramientas}{}% 17
\BOOKMARK [1][-]{section.4.1}{Metodolog\355as}{chapter*.7}% 18
\BOOKMARK [1][-]{section.4.2}{Herramientas}{chapter*.7}% 19
\BOOKMARK [1][-]{section.4.3}{Tecnolog\355as}{chapter*.7}% 20
\BOOKMARK [1][-]{section.4.4}{Testing}{chapter*.7}% 21
\BOOKMARK [1][-]{section.4.5}{Documentaci\363n}{chapter*.7}% 22
\BOOKMARK [1][-]{section.4.6}{Otras herramientas}{chapter*.7}% 23
\BOOKMARK [0][-]{chapter*.47}{Aspectos relevantes del desarrollo del proyecto}{}% 24
\BOOKMARK [1][-]{section.5.1}{Inicio del proyecto}{chapter*.47}% 25
\BOOKMARK [1][-]{section.5.2}{Formaci\363n}{chapter*.47}% 26
\BOOKMARK [1][-]{section.5.3}{Frameworks cliente}{chapter*.47}% 27
\BOOKMARK [1][-]{section.5.4}{Tipo de base de datos}{chapter*.47}% 28
\BOOKMARK [1][-]{section.5.5}{Metodolog\355as}{chapter*.47}% 29
\BOOKMARK [1][-]{section.5.6}{Desarrollo del algoritmo}{chapter*.47}% 30
\BOOKMARK [1][-]{section.5.7}{Desarrollo web}{chapter*.47}% 31
\BOOKMARK [1][-]{section.5.8}{Desarrollo m\363vil}{chapter*.47}% 32
\BOOKMARK [1][-]{section.5.9}{Documentaci\363n}{chapter*.47}% 33
\BOOKMARK [1][-]{section.5.10}{Alojamiento Web}{chapter*.47}% 34
\BOOKMARK [0][-]{chapter*.48}{Trabajos relacionados}{}% 35
\BOOKMARK [1][-]{section.6.1}{Competidores}{chapter*.48}% 36
\BOOKMARK [1][-]{section.6.2}{Otros trabajos}{chapter*.48}% 37
\BOOKMARK [1][-]{section.6.3}{Ventajas y desventajas del proyecto}{chapter*.48}% 38
\BOOKMARK [0][-]{chapter*.49}{Conclusiones y L\355neas de trabajo futuras}{}% 39
\BOOKMARK [1][-]{section.7.1}{Conclusiones proyecto}{chapter*.49}% 40
\BOOKMARK [1][-]{section.7.2}{Conclusiones personales}{chapter*.49}% 41
\BOOKMARK [1][-]{section.7.3}{L\355neas de trabajo}{chapter*.49}% 42
\BOOKMARK [0][-]{section*.51}{Bibliograf\355a}{}% 43
